2026-01-29 12:34:01,252 - ml_predictor - ERROR - Model file not found: [Errno 2] No such file or directory: 'models/randomforest_ids.pkl'
2026-01-29 20:11:26,731 - ml_predictor - ERROR - Model file not found: [Errno 2] No such file or directory: 'models/randomforest_ids.pkl'
2026-01-29 20:14:08,850 - __main__ - INFO - Simple IDS initialized
2026-01-29 20:14:08,850 - __main__ - INFO - Starting simulated packet capture...
2026-01-29 20:14:14,237 - __main__ - WARNING - Simulated anomaly detected at packet #50
2026-01-29 20:14:19,540 - __main__ - WARNING - Simulated anomaly detected at packet #100
2026-01-29 20:14:24,753 - __main__ - WARNING - Simulated anomaly detected at packet #150
2026-01-29 20:14:29,940 - __main__ - WARNING - Simulated anomaly detected at packet #200
2026-01-29 20:14:35,037 - __main__ - WARNING - Simulated anomaly detected at packet #250
2026-01-29 20:14:40,267 - __main__ - WARNING - Simulated anomaly detected at packet #300
2026-01-29 20:14:45,497 - __main__ - WARNING - Simulated anomaly detected at packet #350
2026-01-29 20:14:50,920 - __main__ - WARNING - Simulated anomaly detected at packet #400
2026-01-29 20:14:56,459 - __main__ - WARNING - Simulated anomaly detected at packet #450
2026-01-29 20:15:01,858 - __main__ - WARNING - Simulated anomaly detected at packet #500
2026-01-29 20:15:07,004 - __main__ - WARNING - Simulated anomaly detected at packet #550
2026-01-29 20:15:12,318 - __main__ - WARNING - Simulated anomaly detected at packet #600
2026-01-29 20:15:17,464 - __main__ - WARNING - Simulated anomaly detected at packet #650
2026-01-29 20:15:22,527 - __main__ - WARNING - Simulated anomaly detected at packet #700
2026-01-29 20:15:27,684 - __main__ - WARNING - Simulated anomaly detected at packet #750
2026-01-29 20:15:32,796 - __main__ - WARNING - Simulated anomaly detected at packet #800
2026-01-29 20:15:37,888 - __main__ - WARNING - Simulated anomaly detected at packet #850
2026-01-29 20:15:42,997 - __main__ - WARNING - Simulated anomaly detected at packet #900
2026-01-29 20:15:48,205 - __main__ - WARNING - Simulated anomaly detected at packet #950
2026-01-29 20:15:53,334 - __main__ - WARNING - Simulated anomaly detected at packet #1000
2026-01-29 20:15:58,553 - __main__ - WARNING - Simulated anomaly detected at packet #1050
2026-01-29 20:16:03,765 - __main__ - WARNING - Simulated anomaly detected at packet #1100
2026-01-29 20:16:09,106 - __main__ - WARNING - Simulated anomaly detected at packet #1150
2026-01-29 20:16:14,451 - __main__ - WARNING - Simulated anomaly detected at packet #1200
2026-01-29 20:16:19,969 - __main__ - WARNING - Simulated anomaly detected at packet #1250
2026-01-29 20:16:25,271 - __main__ - WARNING - Simulated anomaly detected at packet #1300
2026-01-29 20:16:30,386 - __main__ - WARNING - Simulated anomaly detected at packet #1350
2026-01-29 20:16:36,015 - __main__ - WARNING - Simulated anomaly detected at packet #1400
2026-01-29 20:16:41,309 - __main__ - WARNING - Simulated anomaly detected at packet #1450
2026-01-29 20:16:46,401 - __main__ - WARNING - Simulated anomaly detected at packet #1500
2026-01-29 20:16:51,504 - __main__ - WARNING - Simulated anomaly detected at packet #1550
2026-01-29 20:16:56,812 - __main__ - WARNING - Simulated anomaly detected at packet #1600
2026-01-29 20:17:02,006 - __main__ - WARNING - Simulated anomaly detected at packet #1650
2026-01-29 20:17:07,114 - __main__ - WARNING - Simulated anomaly detected at packet #1700
2026-01-29 20:17:12,421 - __main__ - WARNING - Simulated anomaly detected at packet #1750
2026-01-29 20:17:17,809 - __main__ - WARNING - Simulated anomaly detected at packet #1800
2026-01-29 20:17:22,958 - __main__ - WARNING - Simulated anomaly detected at packet #1850
2026-01-29 20:17:28,053 - __main__ - WARNING - Simulated anomaly detected at packet #1900
2026-01-29 20:17:33,174 - __main__ - WARNING - Simulated anomaly detected at packet #1950
2026-01-29 20:17:38,230 - __main__ - WARNING - Simulated anomaly detected at packet #2000
2026-01-29 20:17:43,306 - __main__ - WARNING - Simulated anomaly detected at packet #2050
2026-01-29 20:17:48,386 - __main__ - WARNING - Simulated anomaly detected at packet #2100
2026-01-29 20:17:53,504 - __main__ - WARNING - Simulated anomaly detected at packet #2150
2026-01-29 20:17:58,623 - __main__ - WARNING - Simulated anomaly detected at packet #2200
2026-01-29 20:18:03,736 - __main__ - WARNING - Simulated anomaly detected at packet #2250
2026-01-29 20:18:08,821 - __main__ - WARNING - Simulated anomaly detected at packet #2300
2026-01-29 20:18:13,985 - __main__ - WARNING - Simulated anomaly detected at packet #2350
2026-01-29 20:18:19,092 - __main__ - WARNING - Simulated anomaly detected at packet #2400
2026-01-29 20:18:24,188 - __main__ - WARNING - Simulated anomaly detected at packet #2450
2026-01-29 20:18:29,380 - __main__ - WARNING - Simulated anomaly detected at packet #2500
2026-01-29 20:18:34,999 - __main__ - WARNING - Simulated anomaly detected at packet #2550
2026-01-29 20:18:40,121 - __main__ - WARNING - Simulated anomaly detected at packet #2600
2026-01-29 20:18:45,201 - __main__ - WARNING - Simulated anomaly detected at packet #2650
2026-01-29 20:18:50,327 - __main__ - WARNING - Simulated anomaly detected at packet #2700
2026-01-29 20:18:55,407 - __main__ - WARNING - Simulated anomaly detected at packet #2750
2026-01-29 20:19:00,760 - __main__ - WARNING - Simulated anomaly detected at packet #2800
2026-01-29 20:19:06,024 - __main__ - WARNING - Simulated anomaly detected at packet #2850
2026-01-29 20:19:11,492 - __main__ - WARNING - Simulated anomaly detected at packet #2900
2026-01-29 20:19:16,914 - __main__ - WARNING - Simulated anomaly detected at packet #2950
2026-01-29 20:19:22,194 - __main__ - WARNING - Simulated anomaly detected at packet #3000
2026-01-29 20:19:27,472 - __main__ - WARNING - Simulated anomaly detected at packet #3050
2026-01-29 20:19:32,918 - __main__ - WARNING - Simulated anomaly detected at packet #3100
2026-01-29 20:19:38,775 - __main__ - WARNING - Simulated anomaly detected at packet #3150
2026-01-29 20:19:43,841 - __main__ - WARNING - Simulated anomaly detected at packet #3200
2026-01-29 20:19:49,050 - __main__ - WARNING - Simulated anomaly detected at packet #3250
2026-01-29 20:19:54,226 - __main__ - WARNING - Simulated anomaly detected at packet #3300
2026-01-29 20:19:59,341 - __main__ - WARNING - Simulated anomaly detected at packet #3350
2026-01-29 20:20:04,449 - __main__ - WARNING - Simulated anomaly detected at packet #3400
2026-01-29 20:20:09,519 - __main__ - WARNING - Simulated anomaly detected at packet #3450
2026-01-29 20:20:14,574 - __main__ - WARNING - Simulated anomaly detected at packet #3500
2026-01-29 20:20:19,624 - __main__ - WARNING - Simulated anomaly detected at packet #3550
2026-01-29 20:20:24,686 - __main__ - WARNING - Simulated anomaly detected at packet #3600
2026-01-29 20:20:29,748 - __main__ - WARNING - Simulated anomaly detected at packet #3650
2026-01-29 20:20:34,801 - __main__ - WARNING - Simulated anomaly detected at packet #3700
2026-01-29 20:20:39,850 - __main__ - WARNING - Simulated anomaly detected at packet #3750
2026-01-29 20:20:44,924 - __main__ - WARNING - Simulated anomaly detected at packet #3800
2026-01-29 20:20:49,983 - __main__ - WARNING - Simulated anomaly detected at packet #3850
2026-01-29 20:20:55,019 - __main__ - WARNING - Simulated anomaly detected at packet #3900
2026-01-29 20:21:00,093 - __main__ - WARNING - Simulated anomaly detected at packet #3950
2026-01-29 20:21:05,227 - __main__ - WARNING - Simulated anomaly detected at packet #4000
2026-01-29 20:21:10,396 - __main__ - WARNING - Simulated anomaly detected at packet #4050
2026-01-29 20:21:15,735 - __main__ - WARNING - Simulated anomaly detected at packet #4100
2026-01-29 20:21:20,949 - __main__ - WARNING - Simulated anomaly detected at packet #4150
2026-01-29 20:21:26,436 - __main__ - WARNING - Simulated anomaly detected at packet #4200
2026-01-29 20:21:30,813 - __main__ - INFO - IDS stopped
2026-01-29 20:21:40,775 - ml_predictor - ERROR - Model file not found: [Errno 2] No such file or directory: 'models/randomforest_ids.pkl'
2026-01-29 20:25:20,025 - __main__ - INFO - Simple IDS initialized
2026-01-29 20:25:20,026 - __main__ - INFO - Starting simulated packet capture...
2026-01-29 20:25:25,274 - __main__ - WARNING - Simulated anomaly detected at packet #50
2026-01-29 20:25:27,691 - __main__ - INFO - IDS stopped
2026-01-29 20:28:36,950 - __main__ - INFO - Initializing ML-IDS
2026-01-29 20:28:36,952 - __main__ - INFO - Configuration loaded from config/ids_config.json
2026-01-29 20:28:36,953 - __main__ - WARNING - Running without ML model (simulation mode)
2026-01-29 20:28:36,953 - __main__ - INFO - IDS initialized. Interface: eth0
2026-01-29 20:28:36,954 - __main__ - INFO - Starting packet capture...
2026-01-29 20:29:04,154 - __main__ - WARNING - 🚨 ALERT: BruteForce | Severity: LOW | Confidence: 83.63%
2026-01-29 20:29:08,706 - __main__ - WARNING - 🚨 ALERT: PortScan | Severity: MEDIUM | Confidence: 83.35%
2026-01-29 20:29:25,442 - __main__ - WARNING - 🚨 ALERT: Malware | Severity: MEDIUM | Confidence: 88.45%
2026-01-29 20:30:01,444 - __main__ - WARNING - 🚨 ALERT: DDoS | Severity: HIGH | Confidence: 94.21%
2026-01-29 20:30:12,551 - __main__ - WARNING - 🚨 ALERT: DDoS | Severity: LOW | Confidence: 92.74%
2026-01-29 20:30:16,093 - __main__ - WARNING - 🚨 ALERT: DDoS | Severity: HIGH | Confidence: 86.79%
2026-01-29 20:30:18,117 - __main__ - WARNING - 🚨 ALERT: BruteForce | Severity: LOW | Confidence: 84.89%
2026-01-29 20:30:36,317 - __main__ - WARNING - 🚨 ALERT: PortScan | Severity: LOW | Confidence: 84.71%
2026-01-29 20:30:37,324 - __main__ - WARNING - 🚨 ALERT: Malware | Severity: HIGH | Confidence: 88.74%
2026-01-29 20:31:24,469 - __main__ - WARNING - 🚨 ALERT: BruteForce | Severity: MEDIUM | Confidence: 88.06%
2026-01-29 20:31:28,034 - __main__ - WARNING - 🚨 ALERT: Malware | Severity: LOW | Confidence: 89.28%
2026-01-29 20:32:24,933 - __main__ - WARNING - 🚨 ALERT: BruteForce | Severity: MEDIUM | Confidence: 80.86%
2026-01-29 20:32:36,607 - __main__ - WARNING - 🚨 ALERT: BruteForce | Severity: MEDIUM | Confidence: 86.71%
2026-01-29 20:32:44,700 - __main__ - WARNING - 🚨 ALERT: Malware | Severity: MEDIUM | Confidence: 89.03%
2026-01-29 20:33:15,267 - __main__ - WARNING - 🚨 ALERT: PortScan | Severity: MEDIUM | Confidence: 81.25%
2026-01-29 20:34:11,747 - __main__ - WARNING - 🚨 ALERT: PortScan | Severity: LOW | Confidence: 92.40%
2026-01-29 20:34:13,775 - __main__ - WARNING - 🚨 ALERT: DDoS | Severity: MEDIUM | Confidence: 81.18%
2026-01-29 20:34:22,374 - __main__ - WARNING - 🚨 ALERT: DDoS | Severity: HIGH | Confidence: 87.79%
2026-01-29 20:34:22,879 - __main__ - WARNING - 🚨 ALERT: PortScan | Severity: MEDIUM | Confidence: 82.43%
2026-01-29 20:34:44,692 - __main__ - WARNING - 🚨 ALERT: DDoS | Severity: LOW | Confidence: 88.98%
2026-01-29 20:34:46,210 - __main__ - WARNING - 🚨 ALERT: BruteForce | Severity: LOW | Confidence: 83.03%
2026-01-29 20:34:53,779 - __main__ - WARNING - 🚨 ALERT: PortScan | Severity: MEDIUM | Confidence: 81.50%
2026-01-29 20:36:02,148 - __main__ - WARNING - 🚨 ALERT: BruteForce | Severity: HIGH | Confidence: 87.13%
2026-01-29 20:36:18,431 - __main__ - WARNING - 🚨 ALERT: PortScan | Severity: MEDIUM | Confidence: 85.04%
2026-01-29 20:36:34,103 - __main__ - WARNING - 🚨 ALERT: BruteForce | Severity: LOW | Confidence: 92.41%
2026-01-29 20:37:03,546 - __main__ - WARNING - 🚨 ALERT: BruteForce | Severity: MEDIUM | Confidence: 80.32%
2026-01-29 20:37:29,887 - __main__ - WARNING - 🚨 ALERT: PortScan | Severity: HIGH | Confidence: 87.69%
2026-01-29 20:37:40,001 - __main__ - WARNING - 🚨 ALERT: Malware | Severity: HIGH | Confidence: 85.82%
2026-01-29 20:37:55,715 - __main__ - WARNING - 🚨 ALERT: BruteForce | Severity: LOW | Confidence: 86.18%
2026-01-29 20:38:02,801 - __main__ - WARNING - 🚨 ALERT: PortScan | Severity: LOW | Confidence: 85.94%
2026-01-29 20:38:03,307 - __main__ - WARNING - 🚨 ALERT: BruteForce | Severity: MEDIUM | Confidence: 86.31%
2026-01-29 20:38:46,917 - __main__ - WARNING - 🚨 ALERT: BruteForce | Severity: MEDIUM | Confidence: 88.17%
2026-01-29 20:39:13,417 - __main__ - WARNING - 🚨 ALERT: Malware | Severity: HIGH | Confidence: 94.15%
2026-01-29 20:39:23,027 - __main__ - WARNING - 🚨 ALERT: DDoS | Severity: MEDIUM | Confidence: 88.68%
2026-01-29 20:40:04,574 - __main__ - WARNING - 🚨 ALERT: BruteForce | Severity: LOW | Confidence: 88.82%
2026-01-29 20:40:32,918 - __main__ - WARNING - 🚨 ALERT: DDoS | Severity: MEDIUM | Confidence: 94.98%
2026-01-29 20:40:39,981 - __main__ - WARNING - 🚨 ALERT: DDoS | Severity: LOW | Confidence: 84.41%
2026-01-29 20:40:45,531 - __main__ - WARNING - 🚨 ALERT: Malware | Severity: MEDIUM | Confidence: 85.38%
2026-01-29 20:41:02,249 - __main__ - WARNING - 🚨 ALERT: BruteForce | Severity: LOW | Confidence: 92.81%
2026-01-29 20:41:13,444 - __main__ - WARNING - 🚨 ALERT: Malware | Severity: MEDIUM | Confidence: 93.37%
2026-01-29 20:41:24,607 - __main__ - WARNING - 🚨 ALERT: DDoS | Severity: HIGH | Confidence: 83.89%
2026-01-29 20:41:41,289 - __main__ - WARNING - 🚨 ALERT: DDoS | Severity: HIGH | Confidence: 90.20%
2026-01-29 20:42:02,064 - __main__ - WARNING - 🚨 ALERT: PortScan | Severity: MEDIUM | Confidence: 92.04%
2026-01-29 20:42:47,703 - __main__ - WARNING - 🚨 ALERT: PortScan | Severity: MEDIUM | Confidence: 85.42%
2026-01-29 20:43:05,991 - __main__ - WARNING - 🚨 ALERT: PortScan | Severity: LOW | Confidence: 90.11%
2026-01-29 20:43:24,708 - __main__ - WARNING - 🚨 ALERT: BruteForce | Severity: MEDIUM | Confidence: 87.80%
2026-01-29 20:43:44,481 - __main__ - WARNING - 🚨 ALERT: DDoS | Severity: HIGH | Confidence: 91.76%
2026-01-29 20:44:02,745 - __main__ - WARNING - 🚨 ALERT: DDoS | Severity: MEDIUM | Confidence: 90.85%
2026-01-29 20:44:12,929 - __main__ - WARNING - 🚨 ALERT: Malware | Severity: LOW | Confidence: 87.79%
2026-01-29 20:44:14,494 - __main__ - WARNING - 🚨 ALERT: Malware | Severity: MEDIUM | Confidence: 87.30%
2026-01-29 20:44:27,669 - __main__ - WARNING - 🚨 ALERT: PortScan | Severity: LOW | Confidence: 90.31%
2026-01-29 20:45:34,010 - __main__ - WARNING - 🚨 ALERT: PortScan | Severity: MEDIUM | Confidence: 86.12%
2026-01-29 20:45:50,784 - __main__ - WARNING - 🚨 ALERT: BruteForce | Severity: HIGH | Confidence: 82.98%
2026-01-29 20:45:59,378 - __main__ - WARNING - 🚨 ALERT: Malware | Severity: MEDIUM | Confidence: 80.92%
2026-01-29 20:46:33,328 - __main__ - WARNING - 🚨 ALERT: BruteForce | Severity: MEDIUM | Confidence: 84.29%
2026-01-29 20:46:35,361 - __main__ - WARNING - 🚨 ALERT: PortScan | Severity: LOW | Confidence: 94.07%
2026-01-29 20:46:46,510 - __main__ - WARNING - 🚨 ALERT: Malware | Severity: LOW | Confidence: 93.98%
2026-01-29 20:46:57,155 - __main__ - WARNING - 🚨 ALERT: PortScan | Severity: MEDIUM | Confidence: 87.80%
2026-01-29 20:47:24,607 - __main__ - WARNING - 🚨 ALERT: PortScan | Severity: MEDIUM | Confidence: 87.65%
2026-01-29 20:47:27,137 - __main__ - WARNING - 🚨 ALERT: BruteForce | Severity: MEDIUM | Confidence: 90.94%
2026-01-29 20:47:29,309 - __main__ - INFO - IDS service stopped
2026-01-29 20:59:36,077 - __main__ - INFO - Initializing ML-IDS
2026-01-29 20:59:36,078 - __main__ - INFO - Configuration loaded from config/ids_config.json
2026-01-29 20:59:36,078 - __main__ - WARNING - Running without ML model (simulation mode)
2026-01-29 20:59:36,078 - __main__ - INFO - IDS initialized. Interface: eth0
2026-01-29 20:59:36,079 - __main__ - INFO - Starting packet capture...
2026-01-29 20:59:47,719 - __main__ - WARNING - 🚨 ALERT: PortScan | Severity: LOW | Confidence: 82.75%
2026-01-29 21:00:13,075 - __main__ - WARNING - 🚨 ALERT: BruteForce | Severity: MEDIUM | Confidence: 83.32%
2026-01-29 21:00:59,857 - __main__ - WARNING - 🚨 ALERT: BruteForce | Severity: LOW | Confidence: 87.30%
2026-01-29 21:01:13,088 - __main__ - WARNING - 🚨 ALERT: BruteForce | Severity: MEDIUM | Confidence: 93.89%
2026-01-29 21:01:18,716 - __main__ - WARNING - 🚨 ALERT: Malware | Severity: LOW | Confidence: 91.42%
2026-01-29 21:01:26,824 - __main__ - WARNING - 🚨 ALERT: Malware | Severity: HIGH | Confidence: 85.90%
2026-01-29 21:01:33,941 - __main__ - WARNING - 🚨 ALERT: PortScan | Severity: LOW | Confidence: 85.50%
2026-01-29 21:02:02,338 - __main__ - WARNING - 🚨 ALERT: BruteForce | Severity: HIGH | Confidence: 86.32%
2026-01-29 21:02:12,559 - __main__ - WARNING - 🚨 ALERT: PortScan | Severity: LOW | Confidence: 93.08%
2026-01-29 21:02:14,602 - __main__ - WARNING - 🚨 ALERT: PortScan | Severity: MEDIUM | Confidence: 94.54%
2026-01-29 21:02:27,885 - __main__ - WARNING - 🚨 ALERT: Malware | Severity: HIGH | Confidence: 86.27%
2026-01-29 21:02:43,116 - __main__ - WARNING - 🚨 ALERT: PortScan | Severity: LOW | Confidence: 93.78%
2026-01-29 21:03:05,139 - __main__ - WARNING - 🚨 ALERT: BruteForce | Severity: LOW | Confidence: 87.26%
2026-01-29 21:03:23,896 - __main__ - WARNING - 🚨 ALERT: BruteForce | Severity: LOW | Confidence: 83.30%
2026-01-29 21:03:24,406 - __main__ - WARNING - 🚨 ALERT: DDoS | Severity: LOW | Confidence: 89.00%
2026-01-29 21:03:33,041 - __main__ - WARNING - 🚨 ALERT: PortScan | Severity: MEDIUM | Confidence: 84.25%
2026-01-29 21:03:40,670 - __main__ - WARNING - 🚨 ALERT: PortScan | Severity: LOW | Confidence: 90.62%
2026-01-29 21:03:44,725 - __main__ - WARNING - 🚨 ALERT: PortScan | Severity: HIGH | Confidence: 92.47%
2026-01-29 21:03:45,746 - __main__ - WARNING - 🚨 ALERT: PortScan | Severity: LOW | Confidence: 82.55%
2026-01-29 21:03:55,632 - __main__ - WARNING - 🚨 ALERT: BruteForce | Severity: HIGH | Confidence: 94.49%
2026-01-29 21:04:08,301 - __main__ - WARNING - 🚨 ALERT: Malware | Severity: MEDIUM | Confidence: 90.52%
2026-01-29 21:04:13,367 - __main__ - WARNING - 🚨 ALERT: PortScan | Severity: HIGH | Confidence: 88.48%
2026-01-29 21:04:13,870 - __main__ - WARNING - 🚨 ALERT: Malware | Severity: MEDIUM | Confidence: 94.70%
2026-01-29 21:04:34,288 - __main__ - WARNING - 🚨 ALERT: PortScan | Severity: HIGH | Confidence: 87.12%
2026-01-29 21:04:36,314 - __main__ - WARNING - 🚨 ALERT: BruteForce | Severity: LOW | Confidence: 89.08%
2026-01-29 21:04:40,868 - __main__ - WARNING - 🚨 ALERT: Malware | Severity: MEDIUM | Confidence: 91.79%
2026-01-29 21:05:04,749 - __main__ - WARNING - 🚨 ALERT: Malware | Severity: MEDIUM | Confidence: 89.16%
2026-01-29 21:05:28,565 - __main__ - WARNING - 🚨 ALERT: Malware | Severity: MEDIUM | Confidence: 93.18%
2026-01-29 21:05:44,777 - __main__ - WARNING - 🚨 ALERT: PortScan | Severity: LOW | Confidence: 83.05%
2026-01-29 21:05:45,780 - __main__ - WARNING - 🚨 ALERT: PortScan | Severity: LOW | Confidence: 89.35%
2026-01-29 21:05:50,929 - __main__ - WARNING - 🚨 ALERT: DDoS | Severity: HIGH | Confidence: 87.36%
2026-01-29 21:06:15,361 - __main__ - WARNING - 🚨 ALERT: BruteForce | Severity: LOW | Confidence: 85.02%
2026-01-29 21:06:16,879 - __main__ - WARNING - 🚨 ALERT: Malware | Severity: MEDIUM | Confidence: 85.98%
2026-01-29 21:06:37,657 - __main__ - WARNING - 🚨 ALERT: Malware | Severity: MEDIUM | Confidence: 83.83%
2026-01-29 21:07:13,990 - __main__ - WARNING - 🚨 ALERT: BruteForce | Severity: LOW | Confidence: 80.64%
2026-01-29 21:07:39,663 - __main__ - WARNING - 🚨 ALERT: PortScan | Severity: MEDIUM | Confidence: 80.88%
2026-01-29 21:07:43,714 - __main__ - WARNING - 🚨 ALERT: BruteForce | Severity: LOW | Confidence: 89.23%
2026-01-29 21:07:44,219 - __main__ - WARNING - 🚨 ALERT: BruteForce | Severity: MEDIUM | Confidence: 93.14%
2026-01-29 21:07:50,803 - __main__ - WARNING - 🚨 ALERT: DDoS | Severity: LOW | Confidence: 83.89%
2026-01-29 21:08:32,450 - __main__ - WARNING - 🚨 ALERT: BruteForce | Severity: LOW | Confidence: 80.52%
2026-01-29 21:08:47,678 - __main__ - WARNING - 🚨 ALERT: BruteForce | Severity: MEDIUM | Confidence: 81.05%
2026-01-29 21:08:48,184 - __main__ - WARNING - 🚨 ALERT: PortScan | Severity: MEDIUM | Confidence: 91.03%
2026-01-29 21:08:53,739 - __main__ - WARNING - 🚨 ALERT: PortScan | Severity: LOW | Confidence: 82.97%
2026-01-29 21:09:03,921 - __main__ - WARNING - 🚨 ALERT: Malware | Severity: HIGH | Confidence: 92.52%
2026-01-29 21:09:11,482 - __main__ - WARNING - 🚨 ALERT: DDoS | Severity: MEDIUM | Confidence: 88.49%
2026-01-29 21:09:20,076 - __main__ - WARNING - 🚨 ALERT: PortScan | Severity: LOW | Confidence: 85.54%
2026-01-29 21:09:58,216 - __main__ - WARNING - 🚨 ALERT: PortScan | Severity: MEDIUM | Confidence: 86.21%
2026-01-29 21:10:16,541 - __main__ - WARNING - 🚨 ALERT: DDoS | Severity: HIGH | Confidence: 86.53%
2026-01-29 21:10:28,159 - __main__ - WARNING - 🚨 ALERT: Malware | Severity: MEDIUM | Confidence: 94.57%
2026-01-29 21:11:36,054 - __main__ - INFO - IDS service stopped
2026-01-30 14:30:44,984 - __main__ - INFO - Initializing ML-IDS
2026-01-30 14:30:44,987 - __main__ - INFO - Configuration loaded from config/ids_config.json
2026-01-30 14:30:44,987 - __main__ - WARNING - Running without ML model (simulation mode)
2026-01-30 14:30:44,988 - __main__ - INFO - IDS initialized. Interface: eth0
2026-01-30 14:30:44,988 - __main__ - INFO - Starting packet capture...
2026-01-30 14:31:07,367 - __main__ - WARNING - 🚨 ALERT: DDoS | Severity: HIGH | Confidence: 83.56%
2026-01-30 14:31:52,632 - __main__ - WARNING - 🚨 ALERT: BruteForce | Severity: MEDIUM | Confidence: 85.02%
2026-01-30 14:31:58,268 - __main__ - INFO - IDS service stopped
2026-01-30 15:12:05,067 - __main__ - INFO - Initializing Enhanced ML-IDS
2026-01-30 15:12:05,068 - __main__ - INFO - Configuration loaded from config/ids_config.json
2026-01-30 15:12:05,069 - __main__ - WARNING - Telegram alerts disabled - configure in config file
2026-01-30 15:12:05,069 - __main__ - WARNING - Running without ML model (simulation mode)
2026-01-30 15:12:05,069 - __main__ - INFO - IDS initialized. Interface: eth0
2026-01-30 15:12:05,069 - __main__ - INFO - Telegram alerts: DISABLED (configure in config)
2026-01-30 15:12:05,070 - __main__ - INFO - Starting enhanced packet capture...
2026-01-30 15:12:05,496 - __main__ - WARNING - 🚨 ALERT: DDoS | Severity: HIGH | Confidence: 87.87% | Source: 23.156.185.134:443
2026-01-30 15:12:05,496 - __main__ - ERROR - Error in capture: Invalid format specifier
2026-01-30 15:12:05,497 - __main__ - INFO - IDS service stopped
2026-01-30 15:36:41,331 - __main__ - INFO - 🚀 Initializing Enhanced ML-IDS
2026-01-30 15:36:41,394 - __main__ - INFO - Configuration loaded from config/config.yaml
2026-01-30 15:36:41,395 - __main__ - INFO - Telegram alerts enabled for chat ID: 7589392051
2026-01-30 15:36:43,236 - __main__ - INFO - ✅ ML model loaded from models/randomforest_ids.pkl
2026-01-30 15:36:43,527 - __main__ - INFO - ✅ Connected to Telegram bot: @Network_IDS_Alert_bot
2026-01-30 15:36:43,528 - __main__ - INFO - 📡 Starting enhanced packet capture...
2026-01-30 15:36:43,623 - __main__ - WARNING - 🚨 ALERT: Malware | Severity: HIGH | Confidence: 83.38%
2026-01-30 15:36:43,918 - __main__ - INFO - 📱 Telegram alert sent: Malware
2026-01-30 15:36:44,008 - __main__ - WARNING - 🚨 ALERT: XSS | Severity: MEDIUM | Confidence: 73.28%
2026-01-30 15:36:44,287 - __main__ - INFO - 📱 Telegram alert sent: XSS
2026-01-30 15:36:44,481 - __main__ - WARNING - 🚨 ALERT: DDoS | Severity: HIGH | Confidence: 73.11%
2026-01-30 15:36:44,799 - __main__ - INFO - 📱 Telegram alert sent: DDoS
2026-01-30 15:36:44,929 - __main__ - WARNING - 🚨 ALERT: XSS | Severity: HIGH | Confidence: 83.05%
2026-01-30 15:36:45,253 - __main__ - INFO - 📱 Telegram alert sent: XSS
2026-01-30 15:36:45,361 - __main__ - WARNING - 🚨 ALERT: XSS | Severity: MEDIUM | Confidence: 73.78%
2026-01-30 15:36:45,631 - __main__ - INFO - 📱 Telegram alert sent: XSS
2026-01-30 15:36:45,715 - __main__ - WARNING - 🚨 ALERT: SQLi | Severity: HIGH | Confidence: 77.21%
2026-01-30 15:36:46,003 - __main__ - INFO - 📱 Telegram alert sent: SQLi
2026-01-30 15:36:46,079 - __main__ - WARNING - 🚨 ALERT: PortScan | Severity: MEDIUM | Confidence: 77.28%
2026-01-30 15:36:46,412 - __main__ - INFO - 📱 Telegram alert sent: PortScan
2026-01-30 15:36:46,505 - __main__ - WARNING - 🚨 ALERT: Malware | Severity: HIGH | Confidence: 71.11%
2026-01-30 15:36:46,792 - __main__ - INFO - 📱 Telegram alert sent: Malware
2026-01-30 15:36:46,886 - __main__ - WARNING - 🚨 ALERT: BruteForce | Severity: MEDIUM | Confidence: 74.11%
2026-01-30 15:36:47,153 - __main__ - INFO - 📱 Telegram alert sent: BruteForce
2026-01-30 15:36:47,455 - __main__ - WARNING - 🚨 ALERT: XSS | Severity: MEDIUM | Confidence: 76.61%
2026-01-30 15:36:47,761 - __main__ - INFO - 📱 Telegram alert sent: XSS
2026-01-30 15:36:47,964 - __main__ - WARNING - 🚨 ALERT: BruteForce | Severity: MEDIUM | Confidence: 73.11%
2026-01-30 15:36:48,336 - __main__ - INFO - 📱 Telegram alert sent: BruteForce
2026-01-30 15:36:48,406 - __main__ - WARNING - 🚨 ALERT: PortScan | Severity: MEDIUM | Confidence: 81.21%
2026-01-30 15:36:48,748 - __main__ - INFO - 📱 Telegram alert sent: PortScan
2026-01-30 15:36:48,845 - __main__ - WARNING - 🚨 ALERT: XSS | Severity: MEDIUM | Confidence: 74.21%
2026-01-30 15:36:49,186 - __main__ - INFO - 📱 Telegram alert sent: XSS
2026-01-30 15:36:49,304 - __main__ - WARNING - 🚨 ALERT: Malware | Severity: HIGH | Confidence: 76.11%
2026-01-30 15:36:49,603 - __main__ - INFO - 📱 Telegram alert sent: Malware
2026-01-30 15:36:49,748 - __main__ - WARNING - 🚨 ALERT: DDoS | Severity: HIGH | Confidence: 76.61%
2026-01-30 15:36:50,096 - __main__ - INFO - 📱 Telegram alert sent: DDoS
2026-01-30 15:36:50,183 - __main__ - WARNING - 🚨 ALERT: Malware | Severity: HIGH | Confidence: 72.21%
2026-01-30 15:36:50,433 - __main__ - INFO - 📱 Telegram alert sent: Malware
2026-01-30 15:36:50,548 - __main__ - WARNING - 🚨 ALERT: Malware | Severity: HIGH | Confidence: 73.11%
2026-01-30 15:36:50,851 - __main__ - INFO - 📱 Telegram alert sent: Malware
2026-01-30 15:36:51,013 - __main__ - WARNING - 🚨 ALERT: BruteForce | Severity: MEDIUM | Confidence: 71.95%
2026-01-30 15:36:51,378 - __main__ - INFO - 📱 Telegram alert sent: BruteForce
2026-01-30 15:36:51,468 - __main__ - WARNING - 🚨 ALERT: SQLi | Severity: LOW | Confidence: 71.28%
2026-01-30 15:36:51,766 - __main__ - INFO - 📱 Telegram alert sent: SQLi
2026-01-30 15:36:51,875 - __main__ - WARNING - 🚨 ALERT: SQLi | Severity: HIGH | Confidence: 81.11%
2026-01-30 15:36:52,141 - __main__ - INFO - 📱 Telegram alert sent: SQLi
2026-01-30 15:36:52,253 - __main__ - WARNING - 🚨 ALERT: DDoS | Severity: HIGH | Confidence: 76.71%
2026-01-30 15:36:52,766 - __main__ - INFO - 📱 Telegram alert sent: DDoS
2026-01-30 15:36:52,946 - __main__ - WARNING - 🚨 ALERT: Malware | Severity: HIGH | Confidence: 72.88%
2026-01-30 15:36:53,366 - __main__ - INFO - 📱 Telegram alert sent: Malware
2026-01-30 15:36:53,517 - __main__ - WARNING - 🚨 ALERT: SQLi | Severity: HIGH | Confidence: 78.71%
2026-01-30 15:36:53,850 - __main__ - INFO - 📱 Telegram alert sent: SQLi
2026-01-30 15:36:53,950 - __main__ - WARNING - 🚨 ALERT: DDoS | Severity: HIGH | Confidence: 74.61%
2026-01-30 15:36:54,390 - __main__ - INFO - 📱 Telegram alert sent: DDoS
2026-01-30 15:36:54,593 - __main__ - WARNING - 🚨 ALERT: XSS | Severity: HIGH | Confidence: 80.05%
2026-01-30 15:36:55,002 - __main__ - INFO - 📱 Telegram alert sent: XSS
2026-01-30 15:36:55,177 - __main__ - WARNING - 🚨 ALERT: Malware | Severity: HIGH | Confidence: 74.61%
2026-01-30 15:36:55,799 - __main__ - INFO - 📱 Telegram alert sent: Malware
2026-01-30 15:36:55,985 - __main__ - WARNING - 🚨 ALERT: PortScan | Severity: MEDIUM | Confidence: 77.95%
2026-01-30 15:36:56,278 - __main__ - INFO - 📱 Telegram alert sent: PortScan
2026-01-30 15:36:56,358 - __main__ - WARNING - 🚨 ALERT: XSS | Severity: MEDIUM | Confidence: 76.95%
2026-01-30 15:36:56,660 - __main__ - INFO - 📱 Telegram alert sent: XSS
2026-01-30 15:36:56,768 - __main__ - WARNING - 🚨 ALERT: PortScan | Severity: MEDIUM | Confidence: 82.28%
2026-01-30 15:36:57,044 - __main__ - INFO - 📱 Telegram alert sent: PortScan
2026-01-30 15:36:57,152 - __main__ - WARNING - 🚨 ALERT: BruteForce | Severity: MEDIUM | Confidence: 75.21%
2026-01-30 15:36:57,435 - __main__ - INFO - 📱 Telegram alert sent: BruteForce
2026-01-30 15:36:57,575 - __main__ - WARNING - 🚨 ALERT: DDoS | Severity: HIGH | Confidence: 70.21%
2026-01-30 15:36:57,903 - __main__ - INFO - 📱 Telegram alert sent: DDoS
2026-01-30 15:36:58,057 - __main__ - WARNING - 🚨 ALERT: BruteForce | Severity: HIGH | Confidence: 88.28%
2026-01-30 15:36:58,325 - __main__ - INFO - 📱 Telegram alert sent: BruteForce
2026-01-30 15:36:58,517 - __main__ - WARNING - 🚨 ALERT: BruteForce | Severity: MEDIUM | Confidence: 73.88%
2026-01-30 15:36:58,895 - __main__ - INFO - 📱 Telegram alert sent: BruteForce
2026-01-30 15:36:58,992 - __main__ - WARNING - 🚨 ALERT: DDoS | Severity: HIGH | Confidence: 73.61%
2026-01-30 15:36:59,333 - __main__ - INFO - 📱 Telegram alert sent: DDoS
2026-01-30 15:36:59,583 - __main__ - WARNING - 🚨 ALERT: XSS | Severity: MEDIUM | Confidence: 78.21%
2026-01-30 15:36:59,907 - __main__ - INFO - 📱 Telegram alert sent: XSS
2026-01-30 15:37:00,055 - __main__ - WARNING - 🚨 ALERT: Malware | Severity: HIGH | Confidence: 78.55%
2026-01-30 15:37:00,373 - __main__ - INFO - 📱 Telegram alert sent: Malware
2026-01-30 15:37:00,493 - __main__ - WARNING - 🚨 ALERT: SQLi | Severity: HIGH | Confidence: 82.71%
2026-01-30 15:37:00,759 - __main__ - INFO - 📱 Telegram alert sent: SQLi
2026-01-30 15:37:00,851 - __main__ - WARNING - 🚨 ALERT: PortScan | Severity: MEDIUM | Confidence: 81.21%
2026-01-30 15:37:01,210 - __main__ - INFO - 📱 Telegram alert sent: PortScan
2026-01-30 15:37:01,459 - __main__ - WARNING - 🚨 ALERT: BruteForce | Severity: MEDIUM | Confidence: 75.61%
2026-01-30 15:37:01,758 - __main__ - INFO - 📱 Telegram alert sent: BruteForce
2026-01-30 15:37:01,890 - __main__ - WARNING - 🚨 ALERT: SQLi | Severity: LOW | Confidence: 73.61%
2026-01-30 15:37:02,465 - __main__ - INFO - 📱 Telegram alert sent: SQLi
2026-01-30 15:37:02,630 - __main__ - WARNING - 🚨 ALERT: BruteForce | Severity: MEDIUM | Confidence: 79.61%
2026-01-30 15:37:02,934 - __main__ - INFO - 📱 Telegram alert sent: BruteForce
2026-01-30 15:37:03,081 - __main__ - WARNING - 🚨 ALERT: SQLi | Severity: HIGH | Confidence: 75.55%
2026-01-30 15:37:03,402 - __main__ - INFO - 📱 Telegram alert sent: SQLi
2026-01-30 15:37:03,573 - __main__ - WARNING - 🚨 ALERT: DDoS | Severity: HIGH | Confidence: 78.11%
2026-01-30 15:37:03,894 - __main__ - INFO - 📱 Telegram alert sent: DDoS
2026-01-30 15:37:04,164 - __main__ - WARNING - 🚨 ALERT: DDoS | Severity: HIGH | Confidence: 73.21%
2026-01-30 15:37:04,451 - __main__ - INFO - 📱 Telegram alert sent: DDoS
2026-01-30 15:37:04,591 - __main__ - WARNING - 🚨 ALERT: BruteForce | Severity: MEDIUM | Confidence: 74.45%
2026-01-30 15:37:04,877 - __main__ - INFO - 📱 Telegram alert sent: BruteForce
2026-01-30 15:37:05,030 - __main__ - WARNING - 🚨 ALERT: BruteForce | Severity: MEDIUM | Confidence: 78.61%
2026-01-30 15:37:05,293 - __main__ - INFO - 📱 Telegram alert sent: BruteForce
2026-01-30 15:37:05,484 - __main__ - WARNING - 🚨 ALERT: PortScan | Severity: MEDIUM | Confidence: 78.88%
2026-01-30 15:37:05,773 - __main__ - INFO - 📱 Telegram alert sent: PortScan
2026-01-30 15:37:05,992 - __main__ - WARNING - 🚨 ALERT: PortScan | Severity: MEDIUM | Confidence: 78.55%
2026-01-30 15:37:06,261 - __main__ - INFO - 📱 Telegram alert sent: PortScan
2026-01-30 15:37:06,370 - __main__ - WARNING - 🚨 ALERT: PortScan | Severity: MEDIUM | Confidence: 70.71%
2026-01-30 15:37:06,734 - __main__ - INFO - 📱 Telegram alert sent: PortScan
2026-01-30 15:37:07,029 - __main__ - WARNING - 🚨 ALERT: SQLi | Severity: HIGH | Confidence: 80.21%
2026-01-30 15:37:07,305 - __main__ - INFO - 📱 Telegram alert sent: SQLi
2026-01-30 15:37:07,510 - __main__ - WARNING - 🚨 ALERT: Malware | Severity: HIGH | Confidence: 81.71%
2026-01-30 15:37:07,851 - __main__ - INFO - 📱 Telegram alert sent: Malware
2026-01-30 15:37:08,123 - __main__ - WARNING - 🚨 ALERT: DDoS | Severity: CRITICAL | Confidence: 90.71%
2026-01-30 15:37:08,415 - __main__ - INFO - 📱 Telegram alert sent: DDoS
2026-01-30 15:37:08,560 - __main__ - WARNING - 🚨 ALERT: XSS | Severity: MEDIUM | Confidence: 70.71%
2026-01-30 15:37:08,925 - __main__ - INFO - 📱 Telegram alert sent: XSS
2026-01-30 15:37:09,057 - __main__ - WARNING - 🚨 ALERT: BruteForce | Severity: HIGH | Confidence: 81.21%
2026-01-30 15:37:09,326 - __main__ - INFO - 📱 Telegram alert sent: BruteForce
2026-01-30 15:37:09,484 - __main__ - WARNING - 🚨 ALERT: PortScan | Severity: MEDIUM | Confidence: 73.21%
2026-01-30 15:37:09,783 - __main__ - INFO - 📱 Telegram alert sent: PortScan
2026-01-30 15:37:10,098 - __main__ - WARNING - 🚨 ALERT: SQLi | Severity: LOW | Confidence: 73.05%
2026-01-30 15:37:10,472 - __main__ - INFO - 📱 Telegram alert sent: SQLi
2026-01-30 15:37:10,629 - __main__ - WARNING - 🚨 ALERT: BruteForce | Severity: MEDIUM | Confidence: 71.28%
2026-01-30 15:37:11,186 - __main__ - INFO - 📱 Telegram alert sent: BruteForce
2026-01-30 15:37:11,325 - __main__ - WARNING - 🚨 ALERT: PortScan | Severity: MEDIUM | Confidence: 78.55%
2026-01-30 15:37:11,766 - __main__ - INFO - 📱 Telegram alert sent: PortScan
2026-01-30 15:37:11,906 - __main__ - WARNING - 🚨 ALERT: BruteForce | Severity: MEDIUM | Confidence: 78.88%
2026-01-30 15:37:12,303 - __main__ - INFO - 📱 Telegram alert sent: BruteForce
2026-01-30 15:37:12,521 - __main__ - WARNING - 🚨 ALERT: XSS | Severity: MEDIUM | Confidence: 75.11%
2026-01-30 15:37:12,968 - __main__ - INFO - 📱 Telegram alert sent: XSS
2026-01-30 15:37:13,184 - __main__ - WARNING - 🚨 ALERT: PortScan | Severity: MEDIUM | Confidence: 73.78%
2026-01-30 15:37:13,794 - __main__ - INFO - 📱 Telegram alert sent: PortScan
2026-01-30 15:37:13,899 - __main__ - WARNING - 🚨 ALERT: DDoS | Severity: HIGH | Confidence: 78.21%
2026-01-30 15:37:14,207 - __main__ - INFO - 📱 Telegram alert sent: DDoS
2026-01-30 15:37:14,361 - __main__ - WARNING - 🚨 ALERT: PortScan | Severity: MEDIUM | Confidence: 70.55%
2026-01-30 15:37:14,668 - __main__ - INFO - 📱 Telegram alert sent: PortScan
2026-01-30 15:37:14,825 - __main__ - WARNING - 🚨 ALERT: XSS | Severity: MEDIUM | Confidence: 73.78%
2026-01-30 15:37:15,114 - __main__ - INFO - 📱 Telegram alert sent: XSS
2026-01-30 15:37:15,227 - __main__ - WARNING - 🚨 ALERT: PortScan | Severity: MEDIUM | Confidence: 72.55%
2026-01-30 15:37:15,577 - __main__ - INFO - 📱 Telegram alert sent: PortScan
2026-01-30 15:37:15,735 - __main__ - WARNING - 🚨 ALERT: XSS | Severity: MEDIUM | Confidence: 73.71%
2026-01-30 15:37:16,044 - __main__ - INFO - 📱 Telegram alert sent: XSS
2026-01-30 15:37:16,258 - __main__ - WARNING - 🚨 ALERT: DDoS | Severity: HIGH | Confidence: 75.71%
2026-01-30 15:37:16,632 - __main__ - INFO - 📱 Telegram alert sent: DDoS
2026-01-30 15:37:16,742 - __main__ - WARNING - 🚨 ALERT: XSS | Severity: HIGH | Confidence: 80.21%
2026-01-30 15:37:17,014 - __main__ - INFO - 📱 Telegram alert sent: XSS
2026-01-30 15:37:17,201 - __main__ - WARNING - 🚨 ALERT: PortScan | Severity: MEDIUM | Confidence: 70.88%
2026-01-30 15:37:17,497 - __main__ - INFO - 📱 Telegram alert sent: PortScan
2026-01-30 15:37:17,692 - __main__ - WARNING - 🚨 ALERT: PortScan | Severity: MEDIUM | Confidence: 73.61%
2026-01-30 15:37:17,976 - __main__ - INFO - 📱 Telegram alert sent: PortScan
2026-01-30 15:37:18,073 - __main__ - WARNING - 🚨 ALERT: DDoS | Severity: HIGH | Confidence: 70.55%
2026-01-30 15:37:18,422 - __main__ - INFO - 📱 Telegram alert sent: DDoS
2026-01-30 15:37:18,619 - __main__ - WARNING - 🚨 ALERT: PortScan | Severity: MEDIUM | Confidence: 80.28%
2026-01-30 15:37:18,959 - __main__ - INFO - 📱 Telegram alert sent: PortScan
2026-01-30 15:37:19,166 - __main__ - WARNING - 🚨 ALERT: SQLi | Severity: LOW | Confidence: 73.28%
2026-01-30 15:37:19,433 - __main__ - INFO - 📱 Telegram alert sent: SQLi
2026-01-30 15:37:19,508 - __main__ - WARNING - 🚨 ALERT: Malware | Severity: HIGH | Confidence: 75.78%
2026-01-30 15:37:19,763 - __main__ - INFO - 📱 Telegram alert sent: Malware
2026-01-30 15:37:19,955 - __main__ - WARNING - 🚨 ALERT: SQLi | Severity: HIGH | Confidence: 85.05%
2026-01-30 15:37:20,261 - __main__ - INFO - 📱 Telegram alert sent: SQLi
2026-01-30 15:37:20,547 - __main__ - WARNING - 🚨 ALERT: DDoS | Severity: HIGH | Confidence: 82.21%
2026-01-30 15:37:20,843 - __main__ - INFO - 📱 Telegram alert sent: DDoS
2026-01-30 15:37:20,974 - __main__ - WARNING - 🚨 ALERT: DDoS | Severity: HIGH | Confidence: 78.21%
2026-01-30 15:37:21,235 - __main__ - INFO - 📱 Telegram alert sent: DDoS
2026-01-30 15:37:21,346 - __main__ - WARNING - 🚨 ALERT: PortScan | Severity: MEDIUM | Confidence: 77.21%
2026-01-30 15:37:21,625 - __main__ - INFO - 📱 Telegram alert sent: PortScan
2026-01-30 15:37:21,733 - __main__ - WARNING - 🚨 ALERT: Malware | Severity: HIGH | Confidence: 77.95%
2026-01-30 15:37:22,055 - __main__ - INFO - 📱 Telegram alert sent: Malware
2026-01-30 15:37:22,151 - __main__ - WARNING - 🚨 ALERT: DDoS | Severity: HIGH | Confidence: 75.95%
2026-01-30 15:37:22,415 - __main__ - INFO - 📱 Telegram alert sent: DDoS
2026-01-30 15:37:22,574 - __main__ - WARNING - 🚨 ALERT: DDoS | Severity: HIGH | Confidence: 76.71%
2026-01-30 15:37:22,853 - __main__ - INFO - 📱 Telegram alert sent: DDoS
2026-01-30 15:37:22,990 - __main__ - WARNING - 🚨 ALERT: DDoS | Severity: HIGH | Confidence: 73.38%
2026-01-30 15:37:23,266 - __main__ - INFO - 📱 Telegram alert sent: DDoS
2026-01-30 15:37:23,344 - __main__ - WARNING - 🚨 ALERT: PortScan | Severity: MEDIUM | Confidence: 80.55%
2026-01-30 15:37:23,601 - __main__ - INFO - 📱 Telegram alert sent: PortScan
2026-01-30 15:37:23,686 - __main__ - WARNING - 🚨 ALERT: DDoS | Severity: HIGH | Confidence: 81.05%
2026-01-30 15:37:23,967 - __main__ - INFO - 📱 Telegram alert sent: DDoS
2026-01-30 15:37:24,210 - __main__ - WARNING - 🚨 ALERT: XSS | Severity: MEDIUM | Confidence: 71.71%
2026-01-30 15:37:24,488 - __main__ - INFO - 📱 Telegram alert sent: XSS
2026-01-30 15:37:24,563 - __main__ - WARNING - 🚨 ALERT: Malware | Severity: HIGH | Confidence: 80.38%
2026-01-30 15:37:24,819 - __main__ - INFO - 📱 Telegram alert sent: Malware
2026-01-30 15:37:24,954 - __main__ - WARNING - 🚨 ALERT: PortScan | Severity: MEDIUM | Confidence: 73.71%
2026-01-30 15:37:25,259 - __main__ - INFO - 📱 Telegram alert sent: PortScan
2026-01-30 15:37:25,429 - __main__ - WARNING - 🚨 ALERT: SQLi | Severity: LOW | Confidence: 70.78%
2026-01-30 15:37:25,780 - __main__ - INFO - 📱 Telegram alert sent: SQLi
2026-01-30 15:37:25,903 - __main__ - WARNING - 🚨 ALERT: BruteForce | Severity: HIGH | Confidence: 85.71%
2026-01-30 15:37:26,239 - __main__ - INFO - 📱 Telegram alert sent: BruteForce
2026-01-30 15:37:26,329 - __main__ - WARNING - 🚨 ALERT: XSS | Severity: MEDIUM | Confidence: 70.21%
2026-01-30 15:37:26,678 - __main__ - INFO - 📱 Telegram alert sent: XSS
2026-01-30 15:37:26,888 - __main__ - WARNING - 🚨 ALERT: BruteForce | Severity: MEDIUM | Confidence: 70.45%
2026-01-30 15:37:27,321 - __main__ - INFO - 📱 Telegram alert sent: BruteForce
2026-01-30 15:37:27,506 - __main__ - WARNING - 🚨 ALERT: XSS | Severity: MEDIUM | Confidence: 79.05%
2026-01-30 15:37:27,838 - __main__ - INFO - 📱 Telegram alert sent: XSS
2026-01-30 15:37:28,161 - __main__ - WARNING - 🚨 ALERT: PortScan | Severity: MEDIUM | Confidence: 75.78%
2026-01-30 15:37:28,485 - __main__ - INFO - 📱 Telegram alert sent: PortScan
2026-01-30 15:37:28,680 - __main__ - WARNING - 🚨 ALERT: SQLi | Severity: HIGH | Confidence: 78.05%
2026-01-30 15:37:29,345 - __main__ - INFO - 📱 Telegram alert sent: SQLi
2026-01-30 15:37:29,412 - __main__ - WARNING - 🚨 ALERT: BruteForce | Severity: HIGH | Confidence: 80.28%
2026-01-30 15:37:29,712 - __main__ - INFO - 📱 Telegram alert sent: BruteForce
2026-01-30 15:37:29,812 - __main__ - WARNING - 🚨 ALERT: PortScan | Severity: MEDIUM | Confidence: 82.21%
2026-01-30 15:37:30,116 - __main__ - INFO - 📱 Telegram alert sent: PortScan
2026-01-30 15:37:30,287 - __main__ - WARNING - 🚨 ALERT: BruteForce | Severity: MEDIUM | Confidence: 77.45%
2026-01-30 15:37:30,575 - __main__ - INFO - 📱 Telegram alert sent: BruteForce
2026-01-30 15:37:30,746 - __main__ - WARNING - 🚨 ALERT: SQLi | Severity: LOW | Confidence: 73.61%
2026-01-30 15:37:31,078 - __main__ - INFO - 📱 Telegram alert sent: SQLi
2026-01-30 15:37:31,161 - __main__ - WARNING - 🚨 ALERT: DDoS | Severity: HIGH | Confidence: 73.78%
2026-01-30 15:37:31,458 - __main__ - INFO - 📱 Telegram alert sent: DDoS
2026-01-30 15:37:31,537 - __main__ - WARNING - 🚨 ALERT: DDoS | Severity: HIGH | Confidence: 76.38%
2026-01-30 15:37:31,942 - __main__ - INFO - 📱 Telegram alert sent: DDoS
2026-01-30 15:37:32,026 - __main__ - WARNING - 🚨 ALERT: SQLi | Severity: LOW | Confidence: 74.61%
2026-01-30 15:37:32,312 - __main__ - INFO - 📱 Telegram alert sent: SQLi
2026-01-30 15:37:32,390 - __main__ - WARNING - 🚨 ALERT: SQLi | Severity: HIGH | Confidence: 78.11%
2026-01-30 15:37:32,632 - __main__ - INFO - 📱 Telegram alert sent: SQLi
2026-01-30 15:37:32,816 - __main__ - WARNING - 🚨 ALERT: BruteForce | Severity: MEDIUM | Confidence: 79.21%
2026-01-30 15:37:33,143 - __main__ - INFO - 📱 Telegram alert sent: BruteForce
2026-01-30 15:37:33,216 - __main__ - WARNING - 🚨 ALERT: Malware | Severity: HIGH | Confidence: 73.28%
2026-01-30 15:37:33,485 - __main__ - INFO - 📱 Telegram alert sent: Malware
2026-01-30 15:37:33,575 - __main__ - WARNING - 🚨 ALERT: Malware | Severity: HIGH | Confidence: 80.05%
2026-01-30 15:37:33,876 - __main__ - INFO - 📱 Telegram alert sent: Malware
2026-01-30 15:37:33,968 - __main__ - WARNING - 🚨 ALERT: PortScan | Severity: MEDIUM | Confidence: 78.05%
2026-01-30 15:37:34,261 - __main__ - INFO - 📱 Telegram alert sent: PortScan
2026-01-30 15:37:34,360 - __main__ - WARNING - 🚨 ALERT: DDoS | Severity: HIGH | Confidence: 77.28%
2026-01-30 15:37:34,671 - __main__ - INFO - 📱 Telegram alert sent: DDoS
2026-01-30 15:37:34,952 - __main__ - WARNING - 🚨 ALERT: DDoS | Severity: HIGH | Confidence: 85.11%
2026-01-30 15:37:35,223 - __main__ - INFO - 📱 Telegram alert sent: DDoS
2026-01-30 15:37:35,519 - __main__ - WARNING - 🚨 ALERT: BruteForce | Severity: MEDIUM | Confidence: 78.21%
2026-01-30 15:37:35,819 - __main__ - INFO - 📱 Telegram alert sent: BruteForce
2026-01-30 15:37:35,899 - __main__ - WARNING - 🚨 ALERT: PortScan | Severity: MEDIUM | Confidence: 80.78%
2026-01-30 15:37:36,269 - __main__ - INFO - 📱 Telegram alert sent: PortScan
2026-01-30 15:37:36,420 - __main__ - WARNING - 🚨 ALERT: DDoS | Severity: HIGH | Confidence: 89.88%
2026-01-30 15:37:36,743 - __main__ - INFO - 📱 Telegram alert sent: DDoS
2026-01-30 15:37:36,950 - __main__ - INFO - 🛑 IDS service stopped
2026-01-30 15:43:22,656 - __main__ - INFO - 🚀 Initializing Enhanced ML-IDS
2026-01-30 15:43:22,771 - __main__ - INFO - Configuration loaded from config/config.yaml
2026-01-30 15:43:22,772 - __main__ - INFO - Telegram alerts enabled for chat ID: 7589392051
2026-01-30 15:43:23,511 - __main__ - INFO - ✅ ML model loaded from models/randomforest_ids.pkl
2026-01-30 15:43:23,763 - __main__ - INFO - ✅ Connected to Telegram bot: @Network_IDS_Alert_bot
2026-01-30 15:43:23,764 - __main__ - INFO - 📡 Starting enhanced packet capture...
2026-01-30 15:43:23,925 - __main__ - WARNING - 🚨 ALERT: BruteForce | Severity: MEDIUM | Confidence: 70.28%
2026-01-30 15:43:24,201 - __main__ - INFO - 📱 Telegram alert sent: BruteForce
2026-01-30 15:43:24,320 - __main__ - WARNING - 🚨 ALERT: SQLi | Severity: LOW | Confidence: 72.78%
2026-01-30 15:43:24,626 - __main__ - INFO - 📱 Telegram alert sent: SQLi
2026-01-30 15:43:24,769 - __main__ - WARNING - 🚨 ALERT: PortScan | Severity: MEDIUM | Confidence: 71.21%
2026-01-30 15:43:25,041 - __main__ - INFO - 📱 Telegram alert sent: PortScan
2026-01-30 15:43:25,367 - __main__ - WARNING - 🚨 ALERT: XSS | Severity: HIGH | Confidence: 82.21%
2026-01-30 15:43:25,649 - __main__ - INFO - 📱 Telegram alert sent: XSS
2026-01-30 15:43:26,132 - __main__ - WARNING - 🚨 ALERT: SQLi | Severity: HIGH | Confidence: 81.71%
2026-01-30 15:43:26,412 - __main__ - INFO - 📱 Telegram alert sent: SQLi
2026-01-30 15:43:26,590 - __main__ - WARNING - 🚨 ALERT: SQLi | Severity: HIGH | Confidence: 78.71%
2026-01-30 15:43:26,867 - __main__ - INFO - 📱 Telegram alert sent: SQLi
2026-01-30 15:43:27,052 - __main__ - WARNING - 🚨 ALERT: PortScan | Severity: MEDIUM | Confidence: 78.11%
2026-01-30 15:43:27,354 - __main__ - INFO - 📱 Telegram alert sent: PortScan
2026-01-30 15:43:27,560 - __main__ - WARNING - 🚨 ALERT: XSS | Severity: MEDIUM | Confidence: 78.21%
2026-01-30 15:43:27,723 - __main__ - INFO - 🛑 IDS service stopped
2026-01-30 16:23:20,881 - __main__ - INFO - 🚀 Initializing Enhanced ML-IDS
2026-01-30 16:23:20,983 - __main__ - INFO - Configuration loaded from config/config.yaml
2026-01-30 16:23:20,983 - __main__ - INFO - Telegram alerts enabled for chat ID: 7589392051
2026-01-30 16:23:22,424 - __main__ - INFO - ✅ ML model loaded from models/randomforest_ids.pkl
2026-01-30 16:23:22,764 - __main__ - INFO - ✅ Connected to Telegram bot: @Network_IDS_Alert_bot
2026-01-30 16:23:22,765 - __main__ - INFO - 📡 Starting enhanced packet capture...
2026-01-30 16:23:23,001 - __main__ - WARNING - 🚨 ALERT: Malware | Severity: HIGH | Confidence: 73.28%
2026-01-30 16:23:23,246 - __main__ - INFO - 📱 Telegram alert sent: Malware
2026-01-30 16:23:23,434 - __main__ - WARNING - 🚨 ALERT: DDoS | Severity: HIGH | Confidence: 78.45%
2026-01-30 16:23:23,740 - __main__ - INFO - 📱 Telegram alert sent: DDoS
2026-01-30 16:23:23,869 - __main__ - WARNING - 🚨 ALERT: DDoS | Severity: CRITICAL | Confidence: 92.71%
2026-01-30 16:23:24,247 - __main__ - INFO - 📱 Telegram alert sent: DDoS
2026-01-30 16:23:24,368 - __main__ - WARNING - 🚨 ALERT: Malware | Severity: CRITICAL | Confidence: 85.71%
2026-01-30 16:23:24,667 - __main__ - INFO - 📱 Telegram alert sent: Malware
2026-01-30 16:23:24,770 - __main__ - WARNING - 🚨 ALERT: XSS | Severity: MEDIUM | Confidence: 73.38%
2026-01-30 16:23:25,041 - __main__ - INFO - 📱 Telegram alert sent: XSS
2026-01-30 16:23:25,164 - __main__ - WARNING - 🚨 ALERT: PortScan | Severity: MEDIUM | Confidence: 72.55%
2026-01-30 16:23:25,733 - __main__ - INFO - 📱 Telegram alert sent: PortScan
2026-01-30 16:23:25,829 - __main__ - WARNING - 🚨 ALERT: BruteForce | Severity: MEDIUM | Confidence: 76.88%
2026-01-30 16:23:26,184 - __main__ - INFO - 📱 Telegram alert sent: BruteForce
2026-01-30 16:23:26,279 - __main__ - WARNING - 🚨 ALERT: SQLi | Severity: HIGH | Confidence: 78.61%
2026-01-30 16:23:26,581 - __main__ - INFO - 📱 Telegram alert sent: SQLi
2026-01-30 16:23:26,689 - __main__ - WARNING - 🚨 ALERT: XSS | Severity: MEDIUM | Confidence: 74.38%
2026-01-30 16:23:26,961 - __main__ - INFO - 📱 Telegram alert sent: XSS
2026-01-30 16:23:27,176 - __main__ - WARNING - 🚨 ALERT: DDoS | Severity: HIGH | Confidence: 79.55%
2026-01-30 16:23:27,459 - __main__ - INFO - 📱 Telegram alert sent: DDoS
2026-01-30 16:23:27,576 - __main__ - WARNING - 🚨 ALERT: XSS | Severity: MEDIUM | Confidence: 72.21%
2026-01-30 16:23:27,933 - __main__ - INFO - 📱 Telegram alert sent: XSS
2026-01-30 16:23:28,122 - __main__ - WARNING - 🚨 ALERT: DDoS | Severity: HIGH | Confidence: 71.71%
2026-01-30 16:23:28,419 - __main__ - INFO - 📱 Telegram alert sent: DDoS
2026-01-30 16:23:28,544 - __main__ - WARNING - 🚨 ALERT: Malware | Severity: CRITICAL | Confidence: 87.21%
2026-01-30 16:23:28,841 - __main__ - INFO - 📱 Telegram alert sent: Malware
2026-01-30 16:23:28,977 - __main__ - WARNING - 🚨 ALERT: Malware | Severity: HIGH | Confidence: 73.21%
2026-01-30 16:23:29,278 - __main__ - INFO - 📱 Telegram alert sent: Malware
2026-01-30 16:23:29,384 - __main__ - WARNING - 🚨 ALERT: XSS | Severity: MEDIUM | Confidence: 77.38%
2026-01-30 16:23:29,664 - __main__ - INFO - 📱 Telegram alert sent: XSS
2026-01-30 16:23:29,779 - __main__ - WARNING - 🚨 ALERT: PortScan | Severity: HIGH | Confidence: 85.78%
2026-01-30 16:23:30,058 - __main__ - INFO - 📱 Telegram alert sent: PortScan
2026-01-30 16:23:30,161 - __main__ - WARNING - 🚨 ALERT: XSS | Severity: MEDIUM | Confidence: 74.45%
2026-01-30 16:23:30,405 - __main__ - INFO - 📱 Telegram alert sent: XSS
2026-01-30 16:23:30,645 - __main__ - WARNING - 🚨 ALERT: XSS | Severity: MEDIUM | Confidence: 79.11%
2026-01-30 16:23:30,957 - __main__ - INFO - 📱 Telegram alert sent: XSS
2026-01-30 16:23:31,367 - __main__ - WARNING - 🚨 ALERT: BruteForce | Severity: MEDIUM | Confidence: 72.88%
2026-01-30 16:23:32,076 - __main__ - INFO - 📱 Telegram alert sent: BruteForce
2026-01-30 16:23:32,199 - __main__ - WARNING - 🚨 ALERT: BruteForce | Severity: HIGH | Confidence: 87.71%
2026-01-30 16:23:33,489 - __main__ - INFO - 📱 Telegram alert sent: BruteForce
2026-01-30 16:23:33,767 - __main__ - WARNING - 🚨 ALERT: SQLi | Severity: HIGH | Confidence: 76.21%
2026-01-30 16:23:34,051 - __main__ - INFO - 📱 Telegram alert sent: SQLi
2026-01-30 16:23:34,149 - __main__ - WARNING - 🚨 ALERT: BruteForce | Severity: HIGH | Confidence: 84.71%
2026-01-30 16:23:34,464 - __main__ - INFO - 📱 Telegram alert sent: BruteForce
2026-01-30 16:23:34,568 - __main__ - WARNING - 🚨 ALERT: SQLi | Severity: LOW | Confidence: 73.71%
2026-01-30 16:23:34,828 - __main__ - INFO - 📱 Telegram alert sent: SQLi
2026-01-30 16:23:35,054 - __main__ - WARNING - 🚨 ALERT: PortScan | Severity: MEDIUM | Confidence: 73.11%
2026-01-30 16:23:35,360 - __main__ - INFO - 📱 Telegram alert sent: PortScan
2026-01-30 16:23:35,575 - __main__ - WARNING - 🚨 ALERT: PortScan | Severity: MEDIUM | Confidence: 76.61%
2026-01-30 16:23:35,878 - __main__ - INFO - 📱 Telegram alert sent: PortScan
2026-01-30 16:23:36,035 - __main__ - WARNING - 🚨 ALERT: SQLi | Severity: HIGH | Confidence: 81.21%
2026-01-30 16:23:36,341 - __main__ - INFO - 📱 Telegram alert sent: SQLi
2026-01-30 16:23:36,483 - __main__ - WARNING - 🚨 ALERT: SQLi | Severity: HIGH | Confidence: 76.05%
2026-01-30 16:23:36,734 - __main__ - INFO - 📱 Telegram alert sent: SQLi
2026-01-30 16:23:36,870 - __main__ - WARNING - 🚨 ALERT: BruteForce | Severity: HIGH | Confidence: 89.71%
2026-01-30 16:23:37,173 - __main__ - INFO - 📱 Telegram alert sent: BruteForce
2026-01-30 16:23:37,332 - __main__ - WARNING - 🚨 ALERT: SQLi | Severity: HIGH | Confidence: 85.21%
2026-01-30 16:23:37,607 - __main__ - INFO - 📱 Telegram alert sent: SQLi
2026-01-30 16:23:37,858 - __main__ - WARNING - 🚨 ALERT: SQLi | Severity: HIGH | Confidence: 82.05%
2026-01-30 16:23:38,134 - __main__ - INFO - 📱 Telegram alert sent: SQLi
2026-01-30 16:23:38,215 - __main__ - INFO - 🛑 IDS service stopped
2026-01-30 21:30:46,030 - __main__ - INFO - 🚀 Initializing Enhanced ML-IDS
2026-01-30 21:30:46,101 - __main__ - INFO - Configuration loaded from config/config.yaml
2026-01-30 21:30:46,101 - __main__ - INFO - Telegram alerts enabled for chat ID: 7589392051
2026-01-30 21:30:47,707 - __main__ - INFO - ✅ ML model loaded from models/randomforest_ids.pkl
2026-01-30 21:30:47,937 - __main__ - INFO - ✅ Connected to Telegram bot: @Network_IDS_Alert_bot
2026-01-30 21:30:47,937 - __main__ - INFO - 📡 Starting enhanced packet capture...
2026-01-30 21:30:48,073 - __main__ - WARNING - 🚨 ALERT: XSS | Severity: MEDIUM | Confidence: 75.88%
2026-01-30 21:30:48,359 - __main__ - INFO - 📱 Telegram alert sent: XSS
2026-01-30 21:30:48,445 - __main__ - WARNING - 🚨 ALERT: PortScan | Severity: HIGH | Confidence: 93.05%
2026-01-30 21:30:48,756 - __main__ - INFO - 📱 Telegram alert sent: PortScan
2026-01-30 21:30:48,836 - __main__ - WARNING - 🚨 ALERT: DDoS | Severity: HIGH | Confidence: 83.61%
2026-01-30 21:30:49,113 - __main__ - INFO - 📱 Telegram alert sent: DDoS
2026-01-30 21:30:49,197 - __main__ - WARNING - 🚨 ALERT: Malware | Severity: HIGH | Confidence: 77.28%
2026-01-30 21:30:49,486 - __main__ - INFO - 📱 Telegram alert sent: Malware
2026-01-30 21:30:49,602 - __main__ - WARNING - 🚨 ALERT: PortScan | Severity: MEDIUM | Confidence: 72.45%
2026-01-30 21:30:49,881 - __main__ - INFO - 📱 Telegram alert sent: PortScan
2026-01-30 21:30:49,969 - __main__ - WARNING - 🚨 ALERT: DDoS | Severity: HIGH | Confidence: 81.88%
2026-01-30 21:30:50,239 - __main__ - INFO - 📱 Telegram alert sent: DDoS
2026-01-30 21:30:50,339 - __main__ - WARNING - 🚨 ALERT: XSS | Severity: MEDIUM | Confidence: 78.61%
2026-01-30 21:30:50,606 - __main__ - INFO - 📱 Telegram alert sent: XSS
2026-01-30 21:30:50,866 - __main__ - WARNING - 🚨 ALERT: DDoS | Severity: HIGH | Confidence: 75.61%
2026-01-30 21:30:51,120 - __main__ - INFO - 📱 Telegram alert sent: DDoS
2026-01-30 21:30:51,274 - __main__ - WARNING - 🚨 ALERT: SQLi | Severity: HIGH | Confidence: 80.71%
2026-01-30 21:30:51,527 - __main__ - INFO - 📱 Telegram alert sent: SQLi
2026-01-30 21:30:51,788 - __main__ - WARNING - 🚨 ALERT: Malware | Severity: HIGH | Confidence: 73.21%
2026-01-30 21:30:52,316 - __main__ - INFO - 📱 Telegram alert sent: Malware
2026-01-30 21:30:52,409 - __main__ - WARNING - 🚨 ALERT: PortScan | Severity: MEDIUM | Confidence: 75.21%
2026-01-30 21:30:53,576 - __main__ - INFO - 📱 Telegram alert sent: PortScan
2026-01-30 21:30:53,662 - __main__ - WARNING - 🚨 ALERT: BruteForce | Severity: MEDIUM | Confidence: 73.28%
2026-01-30 21:30:54,127 - __main__ - INFO - 📱 Telegram alert sent: BruteForce
2026-01-30 21:30:54,217 - __main__ - WARNING - 🚨 ALERT: XSS | Severity: HIGH | Confidence: 86.78%
2026-01-30 21:30:54,820 - __main__ - INFO - 📱 Telegram alert sent: XSS
2026-01-30 21:30:54,923 - __main__ - WARNING - 🚨 ALERT: BruteForce | Severity: MEDIUM | Confidence: 75.61%
2026-01-30 21:30:56,010 - __main__ - INFO - 📱 Telegram alert sent: BruteForce
2026-01-30 21:30:56,181 - __main__ - WARNING - 🚨 ALERT: Malware | Severity: HIGH | Confidence: 78.21%
2026-01-30 21:30:58,465 - __main__ - INFO - 📱 Telegram alert sent: Malware
2026-01-30 21:30:58,565 - __main__ - WARNING - 🚨 ALERT: PortScan | Severity: MEDIUM | Confidence: 70.88%
2026-01-30 21:30:59,011 - __main__ - INFO - 📱 Telegram alert sent: PortScan
2026-01-30 21:30:59,108 - __main__ - WARNING - 🚨 ALERT: Malware | Severity: HIGH | Confidence: 75.28%
2026-01-30 21:30:59,996 - __main__ - INFO - 📱 Telegram alert sent: Malware
2026-01-30 21:31:00,083 - __main__ - WARNING - 🚨 ALERT: Malware | Severity: HIGH | Confidence: 72.45%
2026-01-30 21:31:00,454 - __main__ - INFO - 📱 Telegram alert sent: Malware
2026-01-30 21:31:00,553 - __main__ - WARNING - 🚨 ALERT: Malware | Severity: HIGH | Confidence: 71.11%
2026-01-30 21:31:00,937 - __main__ - INFO - 📱 Telegram alert sent: Malware
2026-01-30 21:31:01,031 - __main__ - WARNING - 🚨 ALERT: Malware | Severity: HIGH | Confidence: 73.78%
2026-01-30 21:31:01,332 - __main__ - INFO - 📱 Telegram alert sent: Malware
2026-01-30 21:31:01,517 - __main__ - WARNING - 🚨 ALERT: PortScan | Severity: MEDIUM | Confidence: 75.28%
2026-01-30 21:31:02,047 - __main__ - INFO - 📱 Telegram alert sent: PortScan
2026-01-30 21:31:02,155 - __main__ - WARNING - 🚨 ALERT: Malware | Severity: CRITICAL | Confidence: 90.71%
2026-01-30 21:31:02,558 - __main__ - INFO - 📱 Telegram alert sent: Malware
2026-01-30 21:31:02,658 - __main__ - WARNING - 🚨 ALERT: Malware | Severity: CRITICAL | Confidence: 91.11%
2026-01-30 21:31:03,057 - __main__ - INFO - 📱 Telegram alert sent: Malware
2026-01-30 21:31:03,131 - __main__ - WARNING - 🚨 ALERT: SQLi | Severity: LOW | Confidence: 74.45%
2026-01-30 21:31:03,502 - __main__ - INFO - 📱 Telegram alert sent: SQLi
2026-01-30 21:31:03,748 - __main__ - WARNING - 🚨 ALERT: BruteForce | Severity: HIGH | Confidence: 80.21%
2026-01-30 21:31:05,872 - __main__ - INFO - 📱 Telegram alert sent: BruteForce
2026-01-30 21:31:06,056 - __main__ - WARNING - 🚨 ALERT: BruteForce | Severity: MEDIUM | Confidence: 70.45%
2026-01-30 21:31:06,785 - __main__ - INFO - 📱 Telegram alert sent: BruteForce
2026-01-30 21:31:06,945 - __main__ - WARNING - 🚨 ALERT: Malware | Severity: HIGH | Confidence: 76.21%
2026-01-30 21:31:07,282 - __main__ - INFO - 📱 Telegram alert sent: Malware
2026-01-30 21:31:07,442 - __main__ - WARNING - 🚨 ALERT: DDoS | Severity: HIGH | Confidence: 70.21%
2026-01-30 21:31:07,933 - __main__ - INFO - 📱 Telegram alert sent: DDoS
2026-01-30 21:31:08,026 - __main__ - WARNING - 🚨 ALERT: Malware | Severity: HIGH | Confidence: 76.45%
2026-01-30 21:31:08,291 - __main__ - INFO - 📱 Telegram alert sent: Malware
2026-01-30 21:31:08,458 - __main__ - WARNING - 🚨 ALERT: Malware | Severity: CRITICAL | Confidence: 90.21%
2026-01-30 21:31:08,719 - __main__ - INFO - 📱 Telegram alert sent: Malware
2026-01-30 21:31:08,805 - __main__ - WARNING - 🚨 ALERT: DDoS | Severity: HIGH | Confidence: 76.61%
2026-01-30 21:31:09,665 - __main__ - INFO - 📱 Telegram alert sent: DDoS
2026-01-30 21:31:09,745 - __main__ - WARNING - 🚨 ALERT: BruteForce | Severity: HIGH | Confidence: 80.21%
2026-01-30 21:31:10,462 - __main__ - INFO - 📱 Telegram alert sent: BruteForce
2026-01-30 21:31:10,542 - __main__ - WARNING - 🚨 ALERT: BruteForce | Severity: MEDIUM | Confidence: 74.61%
2026-01-30 21:31:11,086 - __main__ - INFO - 📱 Telegram alert sent: BruteForce
2026-01-30 21:31:11,174 - __main__ - WARNING - 🚨 ALERT: PortScan | Severity: MEDIUM | Confidence: 83.55%
2026-01-30 21:31:11,975 - __main__ - INFO - 📱 Telegram alert sent: PortScan
2026-01-30 21:31:12,054 - __main__ - WARNING - 🚨 ALERT: SQLi | Severity: HIGH | Confidence: 82.11%
2026-01-30 21:31:12,443 - __main__ - INFO - 📱 Telegram alert sent: SQLi
2026-01-30 21:31:12,513 - __main__ - WARNING - 🚨 ALERT: BruteForce | Severity: MEDIUM | Confidence: 75.11%
2026-01-30 21:31:13,129 - __main__ - INFO - 📱 Telegram alert sent: BruteForce
2026-01-30 21:31:13,302 - __main__ - WARNING - 🚨 ALERT: XSS | Severity: MEDIUM | Confidence: 73.55%
2026-01-30 21:31:13,845 - __main__ - INFO - 📱 Telegram alert sent: XSS
2026-01-30 21:31:13,933 - __main__ - WARNING - 🚨 ALERT: DDoS | Severity: HIGH | Confidence: 84.11%
2026-01-30 21:31:14,508 - __main__ - INFO - 📱 Telegram alert sent: DDoS
2026-01-30 21:31:14,610 - __main__ - WARNING - 🚨 ALERT: SQLi | Severity: LOW | Confidence: 74.55%
2026-01-30 21:31:15,899 - __main__ - INFO - 📱 Telegram alert sent: SQLi
2026-01-30 21:31:15,982 - __main__ - WARNING - 🚨 ALERT: BruteForce | Severity: MEDIUM | Confidence: 78.55%
2026-01-30 21:31:16,710 - __main__ - INFO - 📱 Telegram alert sent: BruteForce
2026-01-30 21:31:16,881 - __main__ - WARNING - 🚨 ALERT: Malware | Severity: HIGH | Confidence: 76.21%
2026-01-30 21:31:18,343 - __main__ - INFO - 📱 Telegram alert sent: Malware
2026-01-30 21:31:18,446 - __main__ - WARNING - 🚨 ALERT: Malware | Severity: HIGH | Confidence: 72.21%
2026-01-30 21:31:19,066 - __main__ - INFO - 📱 Telegram alert sent: Malware
2026-01-30 21:31:19,301 - __main__ - WARNING - 🚨 ALERT: BruteForce | Severity: MEDIUM | Confidence: 70.21%
2026-01-30 21:31:20,074 - __main__ - INFO - 📱 Telegram alert sent: BruteForce
2026-01-30 21:31:20,181 - __main__ - WARNING - 🚨 ALERT: Malware | Severity: CRITICAL | Confidence: 86.71%
2026-01-30 21:31:20,546 - __main__ - INFO - 📱 Telegram alert sent: Malware
2026-01-30 21:31:20,644 - __main__ - WARNING - 🚨 ALERT: XSS | Severity: MEDIUM | Confidence: 73.61%
2026-01-30 21:31:21,276 - __main__ - INFO - 📱 Telegram alert sent: XSS
2026-01-30 21:31:21,570 - __main__ - WARNING - 🚨 ALERT: DDoS | Severity: HIGH | Confidence: 73.78%
2026-01-30 21:31:21,984 - __main__ - INFO - 📱 Telegram alert sent: DDoS
2026-01-30 21:31:22,113 - __main__ - WARNING - 🚨 ALERT: Malware | Severity: HIGH | Confidence: 70.05%
2026-01-30 21:31:22,467 - __main__ - INFO - 📱 Telegram alert sent: Malware
2026-01-30 21:31:22,564 - __main__ - WARNING - 🚨 ALERT: DDoS | Severity: HIGH | Confidence: 73.11%
2026-01-30 21:31:22,931 - __main__ - INFO - 📱 Telegram alert sent: DDoS
2026-01-30 21:31:23,085 - __main__ - WARNING - 🚨 ALERT: DDoS | Severity: HIGH | Confidence: 77.28%
2026-01-30 21:31:24,119 - __main__ - INFO - 📱 Telegram alert sent: DDoS
2026-01-30 21:31:24,379 - __main__ - WARNING - 🚨 ALERT: BruteForce | Severity: MEDIUM | Confidence: 78.71%
2026-01-30 21:31:24,912 - __main__ - INFO - 📱 Telegram alert sent: BruteForce
2026-01-30 21:31:24,992 - __main__ - WARNING - 🚨 ALERT: Malware | Severity: HIGH | Confidence: 72.21%
2026-01-30 21:31:26,280 - __main__ - INFO - 📱 Telegram alert sent: Malware
2026-01-30 21:31:26,374 - __main__ - WARNING - 🚨 ALERT: SQLi | Severity: HIGH | Confidence: 79.45%
2026-01-30 21:31:26,799 - __main__ - INFO - 📱 Telegram alert sent: SQLi
2026-01-30 21:31:26,909 - __main__ - WARNING - 🚨 ALERT: DDoS | Severity: HIGH | Confidence: 76.05%
2026-01-30 21:31:27,267 - __main__ - INFO - 📱 Telegram alert sent: DDoS
2026-01-30 21:31:27,358 - __main__ - WARNING - 🚨 ALERT: SQLi | Severity: LOW | Confidence: 70.61%
2026-01-30 21:31:27,675 - __main__ - INFO - 📱 Telegram alert sent: SQLi
2026-01-30 21:31:27,755 - __main__ - WARNING - 🚨 ALERT: BruteForce | Severity: MEDIUM | Confidence: 79.55%
2026-01-30 21:31:28,010 - __main__ - INFO - 📱 Telegram alert sent: BruteForce
2026-01-30 21:31:28,090 - __main__ - WARNING - 🚨 ALERT: Malware | Severity: HIGH | Confidence: 76.61%
2026-01-30 21:31:28,375 - __main__ - INFO - 📱 Telegram alert sent: Malware
2026-01-30 21:31:28,519 - __main__ - WARNING - 🚨 ALERT: DDoS | Severity: HIGH | Confidence: 77.11%
2026-01-30 21:31:28,888 - __main__ - INFO - 📱 Telegram alert sent: DDoS
2026-01-30 21:31:28,964 - __main__ - WARNING - 🚨 ALERT: XSS | Severity: MEDIUM | Confidence: 70.95%
2026-01-30 21:31:29,271 - __main__ - INFO - 📱 Telegram alert sent: XSS
2026-01-30 21:31:29,373 - __main__ - WARNING - 🚨 ALERT: PortScan | Severity: MEDIUM | Confidence: 70.28%
2026-01-30 21:31:29,626 - __main__ - INFO - 📱 Telegram alert sent: PortScan
2026-01-30 21:31:29,806 - __main__ - WARNING - 🚨 ALERT: BruteForce | Severity: MEDIUM | Confidence: 74.61%
2026-01-30 21:31:30,071 - __main__ - INFO - 📱 Telegram alert sent: BruteForce
2026-01-30 21:31:30,152 - __main__ - WARNING - 🚨 ALERT: BruteForce | Severity: MEDIUM | Confidence: 72.71%
2026-01-30 21:31:30,443 - __main__ - INFO - 📱 Telegram alert sent: BruteForce
2026-01-30 21:31:30,519 - __main__ - WARNING - 🚨 ALERT: PortScan | Severity: MEDIUM | Confidence: 73.21%
2026-01-30 21:31:30,778 - __main__ - INFO - 📱 Telegram alert sent: PortScan
2026-01-30 21:31:30,868 - __main__ - WARNING - 🚨 ALERT: BruteForce | Severity: MEDIUM | Confidence: 72.61%
2026-01-30 21:31:31,150 - __main__ - INFO - 📱 Telegram alert sent: BruteForce
2026-01-30 21:31:31,256 - __main__ - WARNING - 🚨 ALERT: Malware | Severity: HIGH | Confidence: 72.11%
2026-01-30 21:31:31,516 - __main__ - INFO - 📱 Telegram alert sent: Malware
2026-01-30 21:31:31,670 - __main__ - WARNING - 🚨 ALERT: DDoS | Severity: HIGH | Confidence: 74.11%
2026-01-30 21:31:32,099 - __main__ - INFO - 📱 Telegram alert sent: DDoS
2026-01-30 21:31:32,254 - __main__ - WARNING - 🚨 ALERT: BruteForce | Severity: MEDIUM | Confidence: 77.71%
2026-01-30 21:31:32,530 - __main__ - INFO - 📱 Telegram alert sent: BruteForce
2026-01-30 21:31:32,753 - __main__ - WARNING - 🚨 ALERT: BruteForce | Severity: MEDIUM | Confidence: 75.21%
2026-01-30 21:31:33,016 - __main__ - INFO - 📱 Telegram alert sent: BruteForce
2026-01-30 21:31:33,101 - __main__ - WARNING - 🚨 ALERT: PortScan | Severity: MEDIUM | Confidence: 71.71%
2026-01-30 21:31:33,365 - __main__ - INFO - 📱 Telegram alert sent: PortScan
2026-01-30 21:31:33,496 - __main__ - WARNING - 🚨 ALERT: Malware | Severity: HIGH | Confidence: 74.55%
2026-01-30 21:31:33,818 - __main__ - INFO - 📱 Telegram alert sent: Malware
2026-01-30 21:31:34,004 - __main__ - WARNING - 🚨 ALERT: PortScan | Severity: MEDIUM | Confidence: 78.21%
2026-01-30 21:31:34,328 - __main__ - INFO - 📱 Telegram alert sent: PortScan
2026-01-30 21:31:34,413 - __main__ - WARNING - 🚨 ALERT: XSS | Severity: MEDIUM | Confidence: 71.28%
2026-01-30 21:31:34,684 - __main__ - INFO - 📱 Telegram alert sent: XSS
2026-01-30 21:31:34,779 - __main__ - WARNING - 🚨 ALERT: PortScan | Severity: MEDIUM | Confidence: 70.11%
2026-01-30 21:31:35,072 - __main__ - INFO - 📱 Telegram alert sent: PortScan
2026-01-30 21:31:35,167 - __main__ - WARNING - 🚨 ALERT: DDoS | Severity: HIGH | Confidence: 75.28%
2026-01-30 21:31:35,458 - __main__ - INFO - 📱 Telegram alert sent: DDoS
2026-01-30 21:31:35,550 - __main__ - WARNING - 🚨 ALERT: XSS | Severity: MEDIUM | Confidence: 71.11%
2026-01-30 21:31:35,850 - __main__ - INFO - 📱 Telegram alert sent: XSS
2026-01-30 21:31:36,005 - __main__ - WARNING - 🚨 ALERT: PortScan | Severity: MEDIUM | Confidence: 79.71%
2026-01-30 21:31:36,255 - __main__ - INFO - 📱 Telegram alert sent: PortScan
2026-01-30 21:31:36,354 - __main__ - WARNING - 🚨 ALERT: BruteForce | Severity: HIGH | Confidence: 84.05%
2026-01-30 21:31:36,614 - __main__ - INFO - 📱 Telegram alert sent: BruteForce
2026-01-30 21:31:36,693 - __main__ - WARNING - 🚨 ALERT: XSS | Severity: HIGH | Confidence: 86.71%
2026-01-30 21:31:36,960 - __main__ - INFO - 📱 Telegram alert sent: XSS
2026-01-30 21:31:37,046 - __main__ - WARNING - 🚨 ALERT: SQLi | Severity: HIGH | Confidence: 78.28%
2026-01-30 21:31:37,292 - __main__ - INFO - 📱 Telegram alert sent: SQLi
2026-01-30 21:31:37,364 - __main__ - WARNING - 🚨 ALERT: XSS | Severity: MEDIUM | Confidence: 71.45%
2026-01-30 21:31:37,650 - __main__ - INFO - 📱 Telegram alert sent: XSS
2026-01-30 21:31:37,745 - __main__ - WARNING - 🚨 ALERT: PortScan | Severity: HIGH | Confidence: 87.88%
2026-01-30 21:31:38,014 - __main__ - INFO - 📱 Telegram alert sent: PortScan
2026-01-30 21:31:38,106 - __main__ - WARNING - 🚨 ALERT: BruteForce | Severity: MEDIUM | Confidence: 74.88%
2026-01-30 21:31:38,401 - __main__ - INFO - 📱 Telegram alert sent: BruteForce
2026-01-30 21:31:38,479 - __main__ - WARNING - 🚨 ALERT: XSS | Severity: MEDIUM | Confidence: 78.11%
2026-01-30 21:31:38,733 - __main__ - INFO - 📱 Telegram alert sent: XSS
2026-01-30 21:31:38,810 - __main__ - WARNING - 🚨 ALERT: PortScan | Severity: MEDIUM | Confidence: 77.71%
2026-01-30 21:31:39,053 - __main__ - INFO - 📱 Telegram alert sent: PortScan
2026-01-30 21:31:39,145 - __main__ - WARNING - 🚨 ALERT: BruteForce | Severity: MEDIUM | Confidence: 73.21%
2026-01-30 21:31:39,428 - __main__ - INFO - 📱 Telegram alert sent: BruteForce
2026-01-30 21:31:39,625 - __main__ - WARNING - 🚨 ALERT: PortScan | Severity: MEDIUM | Confidence: 70.11%
2026-01-30 21:31:39,893 - __main__ - INFO - 📱 Telegram alert sent: PortScan
2026-01-30 21:31:40,130 - __main__ - WARNING - 🚨 ALERT: XSS | Severity: HIGH | Confidence: 88.28%
2026-01-30 21:31:40,398 - __main__ - INFO - 📱 Telegram alert sent: XSS
2026-01-30 21:31:40,657 - __main__ - WARNING - 🚨 ALERT: SQLi | Severity: HIGH | Confidence: 85.28%
2026-01-30 21:31:40,965 - __main__ - INFO - 📱 Telegram alert sent: SQLi
2026-01-30 21:31:41,142 - __main__ - WARNING - 🚨 ALERT: Malware | Severity: HIGH | Confidence: 77.21%
2026-01-30 21:31:41,465 - __main__ - INFO - 📱 Telegram alert sent: Malware
2026-01-30 21:31:41,561 - __main__ - WARNING - 🚨 ALERT: BruteForce | Severity: MEDIUM | Confidence: 71.71%
2026-01-30 21:31:41,838 - __main__ - INFO - 📱 Telegram alert sent: BruteForce
2026-01-30 21:31:41,930 - __main__ - WARNING - 🚨 ALERT: DDoS | Severity: HIGH | Confidence: 73.21%
2026-01-30 21:31:42,187 - __main__ - INFO - 📱 Telegram alert sent: DDoS
2026-01-30 21:31:42,338 - __main__ - WARNING - 🚨 ALERT: DDoS | Severity: HIGH | Confidence: 75.11%
2026-01-30 21:31:42,634 - __main__ - INFO - 📱 Telegram alert sent: DDoS
2026-01-30 21:31:42,798 - __main__ - WARNING - 🚨 ALERT: PortScan | Severity: MEDIUM | Confidence: 72.05%
2026-01-30 21:31:43,043 - __main__ - INFO - 📱 Telegram alert sent: PortScan
2026-01-30 21:31:43,259 - __main__ - WARNING - 🚨 ALERT: PortScan | Severity: MEDIUM | Confidence: 78.05%
2026-01-30 21:31:43,664 - __main__ - INFO - 📱 Telegram alert sent: PortScan
2026-01-30 21:31:43,746 - __main__ - WARNING - 🚨 ALERT: DDoS | Severity: HIGH | Confidence: 70.88%
2026-01-30 21:31:44,237 - __main__ - INFO - 📱 Telegram alert sent: DDoS
2026-01-30 21:31:44,422 - __main__ - WARNING - 🚨 ALERT: XSS | Severity: MEDIUM | Confidence: 76.11%
2026-01-30 21:31:44,687 - __main__ - INFO - 📱 Telegram alert sent: XSS
2026-01-30 21:31:44,874 - __main__ - WARNING - 🚨 ALERT: BruteForce | Severity: HIGH | Confidence: 80.55%
2026-01-30 21:31:45,445 - __main__ - INFO - 📱 Telegram alert sent: BruteForce
2026-01-30 21:31:45,528 - __main__ - WARNING - 🚨 ALERT: DDoS | Severity: HIGH | Confidence: 82.21%
2026-01-30 21:31:45,856 - __main__ - INFO - 📱 Telegram alert sent: DDoS
2026-01-30 21:31:45,942 - __main__ - WARNING - 🚨 ALERT: BruteForce | Severity: MEDIUM | Confidence: 73.21%
2026-01-30 21:31:46,177 - __main__ - INFO - 📱 Telegram alert sent: BruteForce
2026-01-30 21:31:46,345 - __main__ - WARNING - 🚨 ALERT: XSS | Severity: MEDIUM | Confidence: 75.61%
2026-01-30 21:31:46,670 - __main__ - INFO - 📱 Telegram alert sent: XSS
2026-01-30 21:31:46,757 - __main__ - WARNING - 🚨 ALERT: PortScan | Severity: HIGH | Confidence: 85.11%
2026-01-30 21:31:47,057 - __main__ - INFO - 📱 Telegram alert sent: PortScan
2026-01-30 21:31:47,240 - __main__ - WARNING - 🚨 ALERT: Malware | Severity: HIGH | Confidence: 81.21%
2026-01-30 21:31:47,493 - __main__ - INFO - 📱 Telegram alert sent: Malware
2026-01-30 21:31:47,577 - __main__ - WARNING - 🚨 ALERT: PortScan | Severity: MEDIUM | Confidence: 75.78%
2026-01-30 21:31:47,851 - __main__ - INFO - 📱 Telegram alert sent: PortScan
2026-01-30 21:31:47,954 - __main__ - WARNING - 🚨 ALERT: DDoS | Severity: HIGH | Confidence: 74.61%
2026-01-30 21:31:48,201 - __main__ - INFO - 📱 Telegram alert sent: DDoS
2026-01-30 21:31:48,298 - __main__ - WARNING - 🚨 ALERT: Malware | Severity: HIGH | Confidence: 82.21%
2026-01-30 21:31:48,544 - __main__ - INFO - 📱 Telegram alert sent: Malware
2026-01-30 21:31:48,624 - __main__ - WARNING - 🚨 ALERT: PortScan | Severity: MEDIUM | Confidence: 77.71%
2026-01-30 21:31:48,899 - __main__ - INFO - 📱 Telegram alert sent: PortScan
2026-01-30 21:31:48,988 - __main__ - WARNING - 🚨 ALERT: XSS | Severity: MEDIUM | Confidence: 71.11%
2026-01-30 21:31:49,244 - __main__ - INFO - 📱 Telegram alert sent: XSS
2026-01-30 21:31:49,341 - __main__ - WARNING - 🚨 ALERT: XSS | Severity: MEDIUM | Confidence: 76.71%
2026-01-30 21:31:49,634 - __main__ - INFO - 📱 Telegram alert sent: XSS
2026-01-30 21:31:49,771 - __main__ - WARNING - 🚨 ALERT: BruteForce | Severity: MEDIUM | Confidence: 73.55%
2026-01-30 21:31:50,029 - __main__ - INFO - 📱 Telegram alert sent: BruteForce
2026-01-30 21:31:50,221 - __main__ - WARNING - 🚨 ALERT: PortScan | Severity: MEDIUM | Confidence: 78.61%
2026-01-30 21:31:50,502 - __main__ - INFO - 📱 Telegram alert sent: PortScan
2026-01-30 21:31:50,604 - __main__ - WARNING - 🚨 ALERT: XSS | Severity: HIGH | Confidence: 80.88%
2026-01-30 21:31:50,950 - __main__ - INFO - 📱 Telegram alert sent: XSS
2026-01-30 21:31:51,035 - __main__ - WARNING - 🚨 ALERT: SQLi | Severity: LOW | Confidence: 72.05%
2026-01-30 21:31:51,339 - __main__ - INFO - 📱 Telegram alert sent: SQLi
2026-01-30 21:31:51,436 - __main__ - WARNING - 🚨 ALERT: Malware | Severity: HIGH | Confidence: 75.05%
2026-01-30 21:31:51,824 - __main__ - INFO - 📱 Telegram alert sent: Malware
2026-01-30 21:31:51,930 - __main__ - WARNING - 🚨 ALERT: XSS | Severity: MEDIUM | Confidence: 77.78%
2026-01-30 21:31:52,254 - __main__ - INFO - 📱 Telegram alert sent: XSS
2026-01-30 21:31:52,385 - __main__ - WARNING - 🚨 ALERT: XSS | Severity: MEDIUM | Confidence: 75.21%
2026-01-30 21:31:52,646 - __main__ - INFO - 📱 Telegram alert sent: XSS
2026-01-30 21:31:52,736 - __main__ - WARNING - 🚨 ALERT: Malware | Severity: CRITICAL | Confidence: 87.55%
2026-01-30 21:31:53,038 - __main__ - INFO - 📱 Telegram alert sent: Malware
2026-01-30 21:31:53,226 - __main__ - WARNING - 🚨 ALERT: Malware | Severity: HIGH | Confidence: 80.05%
2026-01-30 21:31:53,508 - __main__ - INFO - 📱 Telegram alert sent: Malware
2026-01-30 21:31:53,597 - __main__ - WARNING - 🚨 ALERT: BruteForce | Severity: MEDIUM | Confidence: 74.61%
2026-01-30 21:31:53,888 - __main__ - INFO - 📱 Telegram alert sent: BruteForce
2026-01-30 21:31:53,995 - __main__ - WARNING - 🚨 ALERT: Malware | Severity: HIGH | Confidence: 73.45%
2026-01-30 21:31:54,400 - __main__ - INFO - 📱 Telegram alert sent: Malware
2026-01-30 21:31:54,484 - __main__ - WARNING - 🚨 ALERT: XSS | Severity: MEDIUM | Confidence: 72.55%
2026-01-30 21:31:54,838 - __main__ - INFO - 📱 Telegram alert sent: XSS
2026-01-30 21:31:54,911 - __main__ - WARNING - 🚨 ALERT: PortScan | Severity: MEDIUM | Confidence: 73.38%
2026-01-30 21:31:55,245 - __main__ - INFO - 📱 Telegram alert sent: PortScan
2026-01-30 21:31:55,383 - __main__ - WARNING - 🚨 ALERT: DDoS | Severity: HIGH | Confidence: 78.88%
2026-01-30 21:31:55,650 - __main__ - INFO - 📱 Telegram alert sent: DDoS
2026-01-30 21:31:55,732 - __main__ - WARNING - 🚨 ALERT: Malware | Severity: CRITICAL | Confidence: 91.21%
2026-01-30 21:31:56,006 - __main__ - INFO - 📱 Telegram alert sent: Malware
2026-01-30 21:31:56,228 - __main__ - WARNING - 🚨 ALERT: SQLi | Severity: HIGH | Confidence: 79.21%
2026-01-30 21:31:56,480 - __main__ - INFO - 📱 Telegram alert sent: SQLi
2026-01-30 21:31:56,564 - __main__ - WARNING - 🚨 ALERT: DDoS | Severity: HIGH | Confidence: 73.28%
2026-01-30 21:31:56,831 - __main__ - INFO - 📱 Telegram alert sent: DDoS
2026-01-30 21:31:57,254 - __main__ - WARNING - 🚨 ALERT: DDoS | Severity: HIGH | Confidence: 70.71%
2026-01-30 21:31:57,782 - __main__ - INFO - 📱 Telegram alert sent: DDoS
2026-01-30 21:31:57,910 - __main__ - WARNING - 🚨 ALERT: Malware | Severity: HIGH | Confidence: 77.38%
2026-01-30 21:31:58,390 - __main__ - INFO - 📱 Telegram alert sent: Malware
2026-01-30 21:31:58,497 - __main__ - WARNING - 🚨 ALERT: XSS | Severity: MEDIUM | Confidence: 70.95%
2026-01-30 21:31:58,742 - __main__ - INFO - 📱 Telegram alert sent: XSS
2026-01-30 21:31:58,829 - __main__ - WARNING - 🚨 ALERT: XSS | Severity: MEDIUM | Confidence: 71.38%
2026-01-30 21:31:59,141 - __main__ - INFO - 📱 Telegram alert sent: XSS
2026-01-30 21:31:59,242 - __main__ - WARNING - 🚨 ALERT: BruteForce | Severity: MEDIUM | Confidence: 73.21%
2026-01-30 21:31:59,483 - __main__ - INFO - 📱 Telegram alert sent: BruteForce
2026-01-30 21:31:59,714 - __main__ - WARNING - 🚨 ALERT: DDoS | Severity: HIGH | Confidence: 77.78%
2026-01-30 21:31:59,978 - __main__ - INFO - 📱 Telegram alert sent: DDoS
2026-01-30 21:32:00,117 - __main__ - WARNING - 🚨 ALERT: PortScan | Severity: MEDIUM | Confidence: 70.55%
2026-01-30 21:32:00,394 - __main__ - INFO - 📱 Telegram alert sent: PortScan
2026-01-30 21:32:00,540 - __main__ - WARNING - 🚨 ALERT: BruteForce | Severity: MEDIUM | Confidence: 75.11%
2026-01-30 21:32:00,821 - __main__ - INFO - 📱 Telegram alert sent: BruteForce
2026-01-30 21:32:00,928 - __main__ - WARNING - 🚨 ALERT: PortScan | Severity: MEDIUM | Confidence: 71.28%
2026-01-30 21:32:01,162 - __main__ - INFO - 📱 Telegram alert sent: PortScan
2026-01-30 21:32:01,243 - __main__ - WARNING - 🚨 ALERT: DDoS | Severity: HIGH | Confidence: 78.71%
2026-01-30 21:32:01,490 - __main__ - INFO - 📱 Telegram alert sent: DDoS
2026-01-30 21:32:01,704 - __main__ - WARNING - 🚨 ALERT: XSS | Severity: MEDIUM | Confidence: 78.21%
2026-01-30 21:32:02,077 - __main__ - INFO - 📱 Telegram alert sent: XSS
2026-01-30 21:32:02,177 - __main__ - WARNING - 🚨 ALERT: XSS | Severity: MEDIUM | Confidence: 78.11%
2026-01-30 21:32:02,475 - __main__ - INFO - 📱 Telegram alert sent: XSS
2026-01-30 21:32:02,634 - __main__ - WARNING - 🚨 ALERT: DDoS | Severity: HIGH | Confidence: 73.61%
2026-01-30 21:32:02,897 - __main__ - INFO - 📱 Telegram alert sent: DDoS
2026-01-30 21:32:02,980 - __main__ - WARNING - 🚨 ALERT: PortScan | Severity: MEDIUM | Confidence: 72.55%
2026-01-30 21:32:03,091 - __main__ - INFO - 🛑 IDS service stopped
2026-01-30 21:38:14,334 - __main__ - INFO - 🚀 Initializing Enhanced ML-IDS
2026-01-30 21:38:14,386 - __main__ - INFO - Configuration loaded from config/config.yaml
2026-01-30 21:38:14,386 - __main__ - INFO - Telegram alerts enabled for chat ID: 7589392051
2026-01-30 21:38:15,144 - __main__ - INFO - ✅ ML model loaded from models/randomforest_ids.pkl
2026-01-30 21:38:15,630 - __main__ - INFO - ✅ Connected to Telegram bot: @Network_IDS_Alert_bot
2026-01-30 21:38:15,631 - __main__ - INFO - 📡 Starting enhanced packet capture...
2026-01-30 21:38:15,715 - __main__ - WARNING - 🚨 ALERT: SQLi | Severity: LOW | Confidence: 73.28%
2026-01-30 21:38:16,106 - __main__ - INFO - 📱 Telegram alert sent: SQLi
2026-01-30 21:38:16,198 - __main__ - WARNING - 🚨 ALERT: XSS | Severity: MEDIUM | Confidence: 75.88%
2026-01-30 21:38:16,921 - __main__ - INFO - 📱 Telegram alert sent: XSS
2026-01-30 21:38:17,087 - __main__ - WARNING - 🚨 ALERT: XSS | Severity: MEDIUM | Confidence: 73.78%
2026-01-30 21:38:17,641 - __main__ - INFO - 📱 Telegram alert sent: XSS
2026-01-30 21:38:17,724 - __main__ - WARNING - 🚨 ALERT: PortScan | Severity: MEDIUM | Confidence: 72.05%
2026-01-30 21:38:18,151 - __main__ - INFO - 📱 Telegram alert sent: PortScan
2026-01-30 21:38:18,241 - __main__ - WARNING - 🚨 ALERT: BruteForce | Severity: MEDIUM | Confidence: 76.11%
2026-01-30 21:38:18,583 - __main__ - INFO - 📱 Telegram alert sent: BruteForce
2026-01-30 21:38:18,678 - __main__ - WARNING - 🚨 ALERT: Malware | Severity: HIGH | Confidence: 81.71%
2026-01-30 21:38:18,762 - __main__ - INFO - 🛑 IDS service stopped
2026-01-30 21:39:35,903 - __main__ - INFO - 🚀 Initializing Enhanced ML-IDS
2026-01-30 21:39:35,956 - __main__ - INFO - Configuration loaded from config/config.yaml
2026-01-30 21:39:35,956 - __main__ - INFO - Telegram alerts enabled for chat ID: 7589392051
2026-01-30 21:39:36,592 - __main__ - INFO - ✅ ML model loaded from models/randomforest_ids.pkl
2026-01-30 21:39:36,890 - __main__ - INFO - ✅ Connected to Telegram bot: @Network_IDS_Alert_bot
2026-01-30 21:39:36,890 - __main__ - INFO - 📡 Starting enhanced packet capture...
2026-01-30 21:39:36,989 - __main__ - WARNING - 🚨 ALERT: SQLi | Severity: LOW | Confidence: 73.71%
2026-01-30 21:39:37,250 - __main__ - INFO - 📱 Telegram alert sent: SQLi
2026-01-30 21:39:37,430 - __main__ - WARNING - 🚨 ALERT: Malware | Severity: HIGH | Confidence: 71.55%
2026-01-30 21:39:37,686 - __main__ - INFO - 📱 Telegram alert sent: Malware
2026-01-30 21:39:37,786 - __main__ - WARNING - 🚨 ALERT: BruteForce | Severity: MEDIUM | Confidence: 78.71%
2026-01-30 21:39:38,061 - __main__ - INFO - 📱 Telegram alert sent: BruteForce
2026-01-30 21:39:38,139 - __main__ - WARNING - 🚨 ALERT: SQLi | Severity: HIGH | Confidence: 76.11%
2026-01-30 21:39:38,408 - __main__ - INFO - 📱 Telegram alert sent: SQLi
2026-01-30 21:39:38,733 - __main__ - WARNING - 🚨 ALERT: XSS | Severity: MEDIUM | Confidence: 75.21%
2026-01-30 21:39:38,993 - __main__ - INFO - 📱 Telegram alert sent: XSS
2026-01-30 21:39:39,096 - __main__ - WARNING - 🚨 ALERT: SQLi | Severity: HIGH | Confidence: 80.38%
2026-01-30 21:39:39,336 - __main__ - INFO - 📱 Telegram alert sent: SQLi
2026-01-30 21:39:39,435 - __main__ - WARNING - 🚨 ALERT: SQLi | Severity: HIGH | Confidence: 80.71%
2026-01-30 21:39:39,683 - __main__ - INFO - 📱 Telegram alert sent: SQLi
2026-01-30 21:39:39,777 - __main__ - WARNING - 🚨 ALERT: DDoS | Severity: HIGH | Confidence: 78.71%
2026-01-30 21:39:40,099 - __main__ - INFO - 📱 Telegram alert sent: DDoS
2026-01-30 21:39:40,184 - __main__ - WARNING - 🚨 ALERT: DDoS | Severity: HIGH | Confidence: 89.21%
2026-01-30 21:39:40,518 - __main__ - INFO - 📱 Telegram alert sent: DDoS
2026-01-30 21:39:40,670 - __main__ - WARNING - 🚨 ALERT: XSS | Severity: HIGH | Confidence: 82.71%
2026-01-30 21:39:41,034 - __main__ - INFO - 📱 Telegram alert sent: XSS
2026-01-30 21:39:41,152 - __main__ - WARNING - 🚨 ALERT: PortScan | Severity: HIGH | Confidence: 93.11%
2026-01-30 21:39:41,457 - __main__ - INFO - 📱 Telegram alert sent: PortScan
2026-01-30 21:39:41,669 - __main__ - WARNING - 🚨 ALERT: SQLi | Severity: LOW | Confidence: 71.28%
2026-01-30 21:39:41,940 - __main__ - INFO - 📱 Telegram alert sent: SQLi
2026-01-30 21:39:42,045 - __main__ - WARNING - 🚨 ALERT: SQLi | Severity: HIGH | Confidence: 86.61%
2026-01-30 21:39:42,294 - __main__ - INFO - 📱 Telegram alert sent: SQLi
2026-01-30 21:39:42,462 - __main__ - WARNING - 🚨 ALERT: Malware | Severity: HIGH | Confidence: 76.38%
2026-01-30 21:39:42,723 - __main__ - INFO - 📱 Telegram alert sent: Malware
2026-01-30 21:39:42,820 - __main__ - WARNING - 🚨 ALERT: SQLi | Severity: HIGH | Confidence: 80.71%
2026-01-30 21:39:43,164 - __main__ - INFO - 📱 Telegram alert sent: SQLi
2026-01-30 21:39:43,268 - __main__ - WARNING - 🚨 ALERT: PortScan | Severity: MEDIUM | Confidence: 74.61%
2026-01-30 21:39:43,522 - __main__ - INFO - 📱 Telegram alert sent: PortScan
2026-01-30 21:39:43,685 - __main__ - WARNING - 🚨 ALERT: DDoS | Severity: HIGH | Confidence: 73.71%
2026-01-30 21:39:43,867 - __main__ - INFO - 🛑 IDS service stopped
